#
# There is insufficient memory for the Java Runtime Environment to continue.
# Native memory allocation (mmap) failed to map 15130427392 bytes for committing reserved memory.
# Possible reasons:
#   The system is out of physical RAM or swap space
# Possible solutions:
#   Reduce memory load on the system
#   Increase physical memory or swap space
#   Check if swap backing store is full
#   Decrease Java heap size (-Xmx/-Xms)
#   Decrease number of Java threads
#   Decrease Java thread stack sizes (-Xss)
#   Set larger code cache with -XX:ReservedCodeCacheSize=
# This output file may be truncated or incomplete.
#
#  Out of Memory Error (os_linux.cpp:2741), pid=26158, tid=26412
#
# JRE version: OpenJDK Runtime Environment Temurin-17.0.2+8 (17.0.2+8) (build 17.0.2+8)
# Java VM: OpenJDK 64-Bit Server VM Temurin-17.0.2+8 (17.0.2+8, mixed mode, tiered, compressed class ptrs, parallel gc, linux-amd64)
# Core dump will be written. Default location: Core dumps may be processed with "/usr/share/apport/apport %p %s %c %d %P %E" (or dumping to /mnt/DD500GB/git/payMyBuddy_P6_OC/core.26158)
#

---------------  S U M M A R Y ------------

Command Line: --add-modules=ALL-SYSTEM --add-opens=java.base/java.util=ALL-UNNAMED --add-opens=java.base/java.lang=ALL-UNNAMED --add-opens=java.base/sun.nio.fs=ALL-UNNAMED -Declipse.application=org.eclipse.jdt.ls.core.id1 -Dosgi.bundles.defaultStartLevel=4 -Declipse.product=org.eclipse.jdt.ls.core.product -Djava.import.generatesMetadataFilesAtProjectRoot=false -Dfile.encoding=utf8 -XX:+UseParallelGC -XX:GCTimeRatio=4 -XX:AdaptiveSizePolicyWeight=90 -Dsun.zip.disableMemoryMapping=true -Xmx32G -Xms100m -javaagent:/home/delaval/.vscode/extensions/gabrielbb.vscode-lombok-1.0.1/server/lombok.jar -XX:+HeapDumpOnOutOfMemoryError -XX:HeapDumpPath=/home/delaval/.config/Code/User/workspaceStorage/a6094913de83ce3c65b1bf800718cd4f/redhat.java /home/delaval/.vscode/extensions/redhat.java-1.4.0/server/plugins/org.eclipse.equinox.launcher_1.6.400.v20210924-0641.jar -configuration /home/delaval/.config/Code/User/globalStorage/redhat.java/1.4.0/config_linux -data /home/delaval/.config/Code/User/workspaceStorage/a6094913de83ce3c65b1bf800718cd4f/redhat.java/jdt_ws

Host: Intel(R) Core(TM) i3-6100U CPU @ 2.30GHz, 4 cores, 11G, Ubuntu 20.04.4 LTS
Time: Thu Apr  7 20:30:29 2022 CEST elapsed time: 89.641301 seconds (0d 0h 1m 29s)

---------------  T H R E A D  ---------------

Current thread (0x00007f731442c820):  JavaThread "ForkJoinPool.commonPool-worker-1" daemon [_thread_in_vm, id=26412, stack(0x00007f730c9fe000,0x00007f730caff000)]

Stack: [0x00007f730c9fe000,0x00007f730caff000],  sp=0x00007f730cafc3f0,  free space=1016k
Native frames: (J=compiled Java code, j=interpreted, Vv=VM code, C=native code)
V  [libjvm.so+0xf81ea1]  VMError::report_and_die(int, char const*, char const*, __va_list_tag*, Thread*, unsigned char*, void*, void*, char const*, int, unsigned long)+0x1a1
V  [libjvm.so+0xf82b2b]  VMError::report_and_die(Thread*, char const*, int, unsigned long, VMErrorType, char const*, __va_list_tag*)+0x2b
V  [libjvm.so+0x61d6ad]  report_vm_out_of_memory(char const*, int, unsigned long, VMErrorType, char const*, ...)+0xcd
V  [libjvm.so+0xc3dc72]  os::pd_commit_memory(char*, unsigned long, unsigned long, bool)+0x102
V  [libjvm.so+0xc36f8f]  os::commit_memory(char*, unsigned long, unsigned long, bool)+0x1f
V  [libjvm.so+0xcbfad6]  PSVirtualSpace::expand_by(unsigned long)+0x56
V  [libjvm.so+0xcae117]  PSOldGen::expand(unsigned long)+0x77
V  [libjvm.so+0xcae39d]  PSOldGen::expand_for_allocate(unsigned long)+0x4d
V  [libjvm.so+0xc636a3]  ParallelScavengeHeap::mem_allocate(unsigned long, bool*)+0x1d3
V  [libjvm.so+0xb87474]  MemAllocator::allocate() const+0x84
V  [libjvm.so+0x3d7763]  ArrayKlass::allocate_arrayArray(int, int, JavaThread*)+0x133
V  [libjvm.so+0x4f055e]  Runtime1::new_object_array(JavaThread*, Klass*, int)+0x4e
v  ~RuntimeStub::new_object_array Runtime1 stub
J 8260 c1 org.eclipse.jdt.internal.compiler.util.HashtableOfObject.<init>(I)V (98 bytes) @ 0x00007f7b978523c5 [0x00007f7b97851fc0+0x0000000000000405]
j  org.eclipse.jdt.internal.core.index.DiskIndex.readCategoryTable([CZ)Lorg/eclipse/jdt/internal/compiler/util/HashtableOfObject;+194
j  org.eclipse.jdt.internal.core.index.DiskIndex.addQueryResults([[C[CILorg/eclipse/jdt/internal/core/index/MemoryIndex;)Lorg/eclipse/jdt/internal/compiler/util/HashtableOfObject;+588
j  org.eclipse.jdt.internal.core.index.Index.query([[C[CI)[Lorg/eclipse/jdt/internal/core/index/EntryResult;+115
j  org.eclipse.jdt.internal.core.search.matching.TypeDeclarationPattern.queryIn(Lorg/eclipse/jdt/internal/core/index/Index;)[Lorg/eclipse/jdt/internal/core/index/EntryResult;+301
j  org.eclipse.jdt.core.search.SearchPattern.findIndexMatches(Lorg/eclipse/jdt/internal/core/index/Index;Lorg/eclipse/jdt/internal/core/search/IndexQueryRequestor;Lorg/eclipse/jdt/core/search/SearchParticipant;Lorg/eclipse/jdt/core/search/IJavaSearchScope;ZLorg/eclipse/core/runtime/IProgressMonitor;)V+36
j  org.eclipse.jdt.core.search.SearchPattern.findIndexMatches(Lorg/eclipse/jdt/internal/core/index/Index;Lorg/eclipse/jdt/internal/core/search/IndexQueryRequestor;Lorg/eclipse/jdt/core/search/SearchParticipant;Lorg/eclipse/jdt/core/search/IJavaSearchScope;Lorg/eclipse/core/runtime/IProgressMonitor;)V+9
j  org.eclipse.jdt.internal.core.search.matching.MatchLocator.findIndexMatches(Lorg/eclipse/jdt/core/search/SearchPattern;Lorg/eclipse/jdt/internal/core/index/Index;Lorg/eclipse/jdt/internal/core/search/IndexQueryRequestor;Lorg/eclipse/jdt/core/search/SearchParticipant;Lorg/eclipse/jdt/core/search/IJavaSearchScope;Lorg/eclipse/core/runtime/IProgressMonitor;)V+8
j  org.eclipse.jdt.internal.core.search.PatternSearchJob.search(Lorg/eclipse/jdt/internal/core/index/Index;Lorg/eclipse/jdt/internal/core/search/IndexQueryRequestor;Lorg/eclipse/core/runtime/IProgressMonitor;)Z+136
j  org.eclipse.jdt.internal.core.search.PatternSearchJob.search(Lorg/eclipse/jdt/internal/core/index/Index;Lorg/eclipse/core/runtime/IProgressMonitor;)Lorg/eclipse/jdt/internal/core/search/PatternSearchJob$IndexResult;+16
j  org.eclipse.jdt.internal.core.search.PatternSearchJob.lambda$0(Lorg/eclipse/jdt/internal/core/index/Index;Lorg/eclipse/jdt/internal/core/search/PatternSearchJob$ParallelSearchMonitor;)Lorg/eclipse/jdt/internal/core/search/PatternSearchJob$IndexResult;+3
j  org.eclipse.jdt.internal.core.search.PatternSearchJob$$Lambda$309+0x000000008069f4e8.call()Ljava/lang/Object;+12
j  java.util.concurrent.ForkJoinTask$AdaptedCallable.exec()Z+5 java.base@17.0.2
j  java.util.concurrent.ForkJoinTask.doExec()I+10 java.base@17.0.2
j  java.util.concurrent.ForkJoinPool$WorkQueue.topLevelExec(Ljava/util/concurrent/ForkJoinTask;Ljava/util/concurrent/ForkJoinPool$WorkQueue;)V+13 java.base@17.0.2
j  java.util.concurrent.ForkJoinPool.scan(Ljava/util/concurrent/ForkJoinPool$WorkQueue;II)I+193 java.base@17.0.2
j  java.util.concurrent.ForkJoinPool.runWorker(Ljava/util/concurrent/ForkJoinPool$WorkQueue;)V+53 java.base@17.0.2
j  java.util.concurrent.ForkJoinWorkerThread.run()V+31 java.base@17.0.2
v  ~StubRoutines::call_stub
V  [libjvm.so+0x84f1f4]  JavaCalls::call_helper(JavaValue*, methodHandle const&, JavaCallArguments*, JavaThread*)+0x334
V  [libjvm.so+0x850cdc]  JavaCalls::call_virtual(JavaValue*, Handle, Klass*, Symbol*, Symbol*, JavaThread*)+0x20c
V  [libjvm.so+0x90d520]  thread_entry(JavaThread*, JavaThread*)+0x70
V  [libjvm.so+0xf02e80]  JavaThread::thread_main_inner()+0x180
V  [libjvm.so+0xf062e2]  Thread::call_run()+0xe2
V  [libjvm.so+0xc40b81]  thread_native_entry(Thread*)+0xe1

Java frames: (J=compiled Java code, j=interpreted, Vv=VM code)
v  ~RuntimeStub::new_object_array Runtime1 stub
J 8260 c1 org.eclipse.jdt.internal.compiler.util.HashtableOfObject.<init>(I)V (98 bytes) @ 0x00007f7b978523c5 [0x00007f7b97851fc0+0x0000000000000405]
j  org.eclipse.jdt.internal.core.index.DiskIndex.readCategoryTable([CZ)Lorg/eclipse/jdt/internal/compiler/util/HashtableOfObject;+194
j  org.eclipse.jdt.internal.core.index.DiskIndex.addQueryResults([[C[CILorg/eclipse/jdt/internal/core/index/MemoryIndex;)Lorg/eclipse/jdt/internal/compiler/util/HashtableOfObject;+588
j  org.eclipse.jdt.internal.core.index.Index.query([[C[CI)[Lorg/eclipse/jdt/internal/core/index/EntryResult;+115
j  org.eclipse.jdt.internal.core.search.matching.TypeDeclarationPattern.queryIn(Lorg/eclipse/jdt/internal/core/index/Index;)[Lorg/eclipse/jdt/internal/core/index/EntryResult;+301
j  org.eclipse.jdt.core.search.SearchPattern.findIndexMatches(Lorg/eclipse/jdt/internal/core/index/Index;Lorg/eclipse/jdt/internal/core/search/IndexQueryRequestor;Lorg/eclipse/jdt/core/search/SearchParticipant;Lorg/eclipse/jdt/core/search/IJavaSearchScope;ZLorg/eclipse/core/runtime/IProgressMonitor;)V+36
j  org.eclipse.jdt.core.search.SearchPattern.findIndexMatches(Lorg/eclipse/jdt/internal/core/index/Index;Lorg/eclipse/jdt/internal/core/search/IndexQueryRequestor;Lorg/eclipse/jdt/core/search/SearchParticipant;Lorg/eclipse/jdt/core/search/IJavaSearchScope;Lorg/eclipse/core/runtime/IProgressMonitor;)V+9
j  org.eclipse.jdt.internal.core.search.matching.MatchLocator.findIndexMatches(Lorg/eclipse/jdt/core/search/SearchPattern;Lorg/eclipse/jdt/internal/core/index/Index;Lorg/eclipse/jdt/internal/core/search/IndexQueryRequestor;Lorg/eclipse/jdt/core/search/SearchParticipant;Lorg/eclipse/jdt/core/search/IJavaSearchScope;Lorg/eclipse/core/runtime/IProgressMonitor;)V+8
j  org.eclipse.jdt.internal.core.search.PatternSearchJob.search(Lorg/eclipse/jdt/internal/core/index/Index;Lorg/eclipse/jdt/internal/core/search/IndexQueryRequestor;Lorg/eclipse/core/runtime/IProgressMonitor;)Z+136
j  org.eclipse.jdt.internal.core.search.PatternSearchJob.search(Lorg/eclipse/jdt/internal/core/index/Index;Lorg/eclipse/core/runtime/IProgressMonitor;)Lorg/eclipse/jdt/internal/core/search/PatternSearchJob$IndexResult;+16
j  org.eclipse.jdt.internal.core.search.PatternSearchJob.lambda$0(Lorg/eclipse/jdt/internal/core/index/Index;Lorg/eclipse/jdt/internal/core/search/PatternSearchJob$ParallelSearchMonitor;)Lorg/eclipse/jdt/internal/core/search/PatternSearchJob$IndexResult;+3
j  org.eclipse.jdt.internal.core.search.PatternSearchJob$$Lambda$309+0x000000008069f4e8.call()Ljava/lang/Object;+12
j  java.util.concurrent.ForkJoinTask$AdaptedCallable.exec()Z+5 java.base@17.0.2
j  java.util.concurrent.ForkJoinTask.doExec()I+10 java.base@17.0.2
j  java.util.concurrent.ForkJoinPool$WorkQueue.topLevelExec(Ljava/util/concurrent/ForkJoinTask;Ljava/util/concurrent/ForkJoinPool$WorkQueue;)V+13 java.base@17.0.2
j  java.util.concurrent.ForkJoinPool.scan(Ljava/util/concurrent/ForkJoinPool$WorkQueue;II)I+193 java.base@17.0.2
j  java.util.concurrent.ForkJoinPool.runWorker(Ljava/util/concurrent/ForkJoinPool$WorkQueue;)V+53 java.base@17.0.2
j  java.util.concurrent.ForkJoinWorkerThread.run()V+31 java.base@17.0.2
v  ~StubRoutines::call_stub

---------------  P R O C E S S  ---------------

Threads class SMR info:
_java_thread_list=0x00007f73200713f0, length=30, elements={
0x00007f7ba8026030, 0x00007f7ba8160e00, 0x00007f7ba8162370, 0x00007f7ba8189740,
0x00007f7ba818d050, 0x00007f7ba818dfa0, 0x00007f7ba818f5f0, 0x00007f7ba8190aa0,
0x00007f7ba8191ee0, 0x00007f7ba81ff5d0, 0x00007f7ba83053f0, 0x00007f7ba84ac590,
0x00007f7ba84f6d40, 0x00007f7ba84f9150, 0x00007f72f4033eb0, 0x00007f7330000e70,
0x00007f72f4269050, 0x00007f72f4337ab0, 0x00007f72d8000f50, 0x00007f72dc000e70,
0x00007f72f45d7220, 0x00007f7ba85203b0, 0x00007f7ba85a1370, 0x00007f72d0000fa0,
0x000055e0e475cc00, 0x00007f731442c820, 0x00007f73142a7730, 0x00007f73140416f0,
0x00007f72d0015640, 0x00007f7320070b00
}

Java Threads: ( => current thread )
  0x00007f7ba8026030 JavaThread "main" [_thread_blocked, id=26159, stack(0x00007f7baca15000,0x00007f7bacb16000)]
  0x00007f7ba8160e00 JavaThread "Reference Handler" daemon [_thread_blocked, id=26162, stack(0x00007f73904e5000,0x00007f73905e6000)]
  0x00007f7ba8162370 JavaThread "Finalizer" daemon [_thread_blocked, id=26163, stack(0x00007f73903e4000,0x00007f73904e5000)]
  0x00007f7ba8189740 JavaThread "Signal Dispatcher" daemon [_thread_blocked, id=26164, stack(0x00007f73902e3000,0x00007f73903e4000)]
  0x00007f7ba818d050 JavaThread "Service Thread" daemon [_thread_blocked, id=26165, stack(0x00007f73901e2000,0x00007f73902e3000)]
  0x00007f7ba818dfa0 JavaThread "Monitor Deflation Thread" daemon [_thread_blocked, id=26166, stack(0x00007f73900e1000,0x00007f73901e2000)]
  0x00007f7ba818f5f0 JavaThread "C2 CompilerThread0" daemon [_thread_in_native, id=26167, stack(0x00007f7344c67000,0x00007f7344d68000)]
  0x00007f7ba8190aa0 JavaThread "C1 CompilerThread0" daemon [_thread_blocked, id=26168, stack(0x00007f7344b66000,0x00007f7344c67000)]
  0x00007f7ba8191ee0 JavaThread "Sweeper thread" daemon [_thread_blocked, id=26169, stack(0x00007f7344a65000,0x00007f7344b66000)]
  0x00007f7ba81ff5d0 JavaThread "Common-Cleaner" daemon [_thread_blocked, id=26170, stack(0x00007f7344964000,0x00007f7344a65000)]
  0x00007f7ba83053f0 JavaThread "Notification Thread" daemon [_thread_blocked, id=26174, stack(0x00007f734422b000,0x00007f734432c000)]
  0x00007f7ba84ac590 JavaThread "Active Thread: Equinox Container: 4f6cb9f4-f0f7-4c11-977b-64f18c98e4c5" [_thread_blocked, id=26213, stack(0x00007f730f3f9000,0x00007f730f4fa000)]
  0x00007f7ba84f6d40 JavaThread "Framework Event Dispatcher: Equinox Container: 4f6cb9f4-f0f7-4c11-977b-64f18c98e4c5" daemon [_thread_blocked, id=26214, stack(0x00007f730f2f8000,0x00007f730f3f9000)]
  0x00007f7ba84f9150 JavaThread "Start Level: Equinox Container: 4f6cb9f4-f0f7-4c11-977b-64f18c98e4c5" daemon [_thread_blocked, id=26215, stack(0x00007f730f1f7000,0x00007f730f2f8000)]
  0x00007f72f4033eb0 JavaThread "SCR Component Actor" daemon [_thread_blocked, id=26216, stack(0x00007f730eee5000,0x00007f730efe6000)]
  0x00007f7330000e70 JavaThread "Attach Listener" daemon [_thread_blocked, id=26219, stack(0x00007f730ece3000,0x00007f730ede4000)]
  0x00007f72f4269050 JavaThread "Worker-JM" [_thread_blocked, id=26220, stack(0x00007f730e2ff000,0x00007f730e400000)]
  0x00007f72f4337ab0 JavaThread "Worker-0" [_thread_blocked, id=26223, stack(0x00007f730e1fe000,0x00007f730e2ff000)]
  0x00007f72d8000f50 JavaThread "Worker-1" [_thread_blocked, id=26224, stack(0x00007f730e0fd000,0x00007f730e1fe000)]
  0x00007f72dc000e70 JavaThread "Worker-2" [_thread_blocked, id=26225, stack(0x00007f730dffc000,0x00007f730e0fd000)]
  0x00007f72f45d7220 JavaThread "Java indexing" daemon [_thread_blocked, id=26233, stack(0x00007f730defb000,0x00007f730dffc000)]
  0x00007f7ba85203b0 JavaThread "pool-3-thread-1" [_thread_blocked, id=26236, stack(0x00007f730ddfa000,0x00007f730defb000)]
  0x00007f7ba85a1370 JavaThread "pool-2-thread-1" [_thread_in_native, id=26237, stack(0x00007f7344028000,0x00007f7344129000)]
  0x00007f72d0000fa0 JavaThread "Worker-3" [_thread_blocked, id=26242, stack(0x00007f730dcf9000,0x00007f730ddfa000)]
  0x000055e0e475cc00 JavaThread "Bundle File Closer" daemon [_thread_blocked, id=26313, stack(0x00007f730ede4000,0x00007f730eee5000)]
=>0x00007f731442c820 JavaThread "ForkJoinPool.commonPool-worker-1" daemon [_thread_in_vm, id=26412, stack(0x00007f730c9fe000,0x00007f730caff000)]
  0x00007f73142a7730 JavaThread "ForkJoinPool.commonPool-worker-2" daemon [_thread_blocked, id=26413, stack(0x00007f730c8fd000,0x00007f730c9fe000)]
  0x00007f73140416f0 JavaThread "ForkJoinPool.commonPool-worker-3" daemon [_thread_blocked, id=26414, stack(0x00007f730c7fc000,0x00007f730c8fd000)]
  0x00007f72d0015640 JavaThread "ForkJoinPool.commonPool-worker-4" daemon [_thread_blocked, id=26491, stack(0x00007f730c3f8000,0x00007f730c4f9000)]
  0x00007f7320070b00 JavaThread "C2 CompilerThread1" daemon [_thread_in_native, id=26783, stack(0x00007f730c2f7000,0x00007f730c3f8000)]

Other Threads:
  0x00007f7ba8150e30 VMThread "VM Thread" [stack: 0x00007f73905e8000,0x00007f73906e8000] [id=26161]
  0x00007f7ba80703a0 WatcherThread [stack: 0x00007f734412b000,0x00007f734422b000] [id=26175]
  0x00007f7ba803cd70 GCTaskThread "GC Thread#0" [stack: 0x00007f7bac0dc000,0x00007f7bac1dc000] [id=26160]
  0x00007f73400010b0 GCTaskThread "GC Thread#1" [stack: 0x00007f730f700000,0x00007f730f800000] [id=26193]
  0x00007f7340002ad0 GCTaskThread "GC Thread#2" [stack: 0x00007f730f5fe000,0x00007f730f6fe000] [id=26194]
  0x00007f73400034d0 GCTaskThread "GC Thread#3" [stack: 0x00007f730f4fc000,0x00007f730f5fc000] [id=26195]

Threads with active compile tasks:
C2 CompilerThread0    89675 11381   !   4       org.eclipse.jdt.internal.core.Openable::exists (114 bytes)
C2 CompilerThread1    89675 11428       4       org.eclipse.jdt.internal.core.index.DiskIndex::readStreamChars (529 bytes)

VM state: not at safepoint (normal execution)

VM Mutex/Monitor currently owned by a thread:  ([mutex/lock_event])
[0x00007f7ba8022070] ExpandHeap_lock - owner thread: 0x00007f731442c820
[0x00007f7ba8022f20] Heap_lock - owner thread: 0x00007f731442c820

CDS archive(s) not mapped
Compressed class space mapped at: 0x0000000080000000-0x00000000c0000000, reserved size: 1073741824
Narrow klass base: 0x0000000000000000, Narrow klass shift: 0, Narrow klass range: 0xc0000000

GC Precious Log:
 CPUs: 4 total, 4 available
 Memory: 11877M
 Large Page Support: Disabled
 NUMA Support: Disabled
 Compressed Oops: Disabled
 Alignments: Space 512K, Generation 512K, Heap 2M
 Heap Min Capacity: 100M
 Heap Initial Capacity: 100M
 Heap Max Capacity: 32G
 Pre-touch: Disabled
 Parallel Workers: 4

Heap:
 PSYoungGen      total 15360K, used 15329K [0x00007f78eb980000, 0x00007f78ecf80000, 0x00007f7b96400000)
  eden space 13312K, 100% used [0x00007f78eb980000,0x00007f78ec680000,0x00007f78ec680000)
  from space 2048K, 98% used [0x00007f78eca00000,0x00007f78ecbf87d0,0x00007f78ecc00000)
  to   space 3584K, 0% used [0x00007f78ec680000,0x00007f78ec680000,0x00007f78eca00000)
 ParOldGen       total 181248K, used 167906K [0x00007f7396400000, 0x00007f73a1500000, 0x00007f78eb980000)
  object space 181248K, 92% used [0x00007f7396400000,0x00007f73a07f8bb0,0x00007f73a1500000)
 Metaspace       used 71486K, committed 72576K, reserved 1114112K
  class space    used 7370K, committed 7872K, reserved 1048576K

Card table byte_map: [0x00007f73923ff000,0x00007f7396400000] _byte_map_base: 0x00007f33d874d000

Marking Bits: (ParMarkBitMap*) 0x00007f7bae2724a0
 Begin Bits: [0x00007f7349555000, 0x00007f7369555000)
 End Bits:   [0x00007f7369555000, 0x00007f7389555000)

Polling page: 0x00007f7bae6f8000

Metaspace:

Usage:
  Non-class:     62,61 MB used.
      Class:      7,20 MB used.
       Both:     69,81 MB used.

Virtual space:
  Non-class space:       64,00 MB reserved,      63,19 MB ( 99%) committed,  8 nodes.
      Class space:        1,00 GB reserved,       7,69 MB ( <1%) committed,  1 nodes.
             Both:        1,06 GB reserved,      70,88 MB (  7%) committed. 

Chunk freelists:
   Non-Class:  80,00 KB
       Class:  352,00 KB
        Both:  432,00 KB

MaxMetaspaceSize: unlimited
CompressedClassSpaceSize: 1,00 GB
Initial GC threshold: 21,00 MB
Current GC threshold: 116,88 MB
CDS: off
MetaspaceReclaimPolicy: balanced
 - commit_granule_bytes: 65536.
 - commit_granule_words: 8192.
 - virtual_space_node_default_size: 1048576.
 - enlarge_chunks_in_place: 1.
 - new_chunks_are_fully_committed: 0.
 - uncommit_free_chunks: 1.
 - use_allocation_guard: 0.
 - handle_deallocations: 1.


Internal statistics:

num_allocs_failed_limit: 6.
num_arena_births: 556.
num_arena_deaths: 0.
num_vsnodes_births: 9.
num_vsnodes_deaths: 0.
num_space_committed: 1134.
num_space_uncommitted: 0.
num_chunks_returned_to_freelist: 6.
num_chunks_taken_from_freelist: 3390.
num_chunk_merges: 6.
num_chunk_splits: 2190.
num_chunks_enlarged: 1365.
num_purges: 0.
num_inconsistent_stats: 0.

CodeHeap 'non-profiled nmethods': size=120032Kb used=5560Kb max_used=5560Kb free=114471Kb
 bounds [0x00007f7b9dec8000, 0x00007f7b9e438000, 0x00007f7ba5400000]
CodeHeap 'profiled nmethods': size=120028Kb used=20419Kb max_used=20419Kb free=99609Kb
 bounds [0x00007f7b96991000, 0x00007f7b97d91000, 0x00007f7b9dec8000]
CodeHeap 'non-nmethods': size=5700Kb used=1345Kb max_used=1440Kb free=4354Kb
 bounds [0x00007f7b96400000, 0x00007f7b96670000, 0x00007f7b96991000]
 total_blobs=10259 nmethods=9564 adapters=608
 compilation: enabled
              stopped_count=0, restarted_count=0
 full_count=0

Compilation events (20 events):
Event: 89,610 Thread 0x00007f7ba8190aa0 11400       3       org.eclipse.jdt.internal.compiler.lookup.ParameterizedTypeBinding::enclosingType (44 bytes)
Event: 89,611 Thread 0x00007f7ba8190aa0 nmethod 11400 0x00007f7b97d6ee90 code [0x00007f7b97d6f080, 0x00007f7b97d6f5f0]
Event: 89,611 Thread 0x00007f7ba8190aa0 11397       3       org.eclipse.jdt.internal.compiler.lookup.BinaryTypeBinding::canBeSeenBy (28 bytes)
Event: 89,611 Thread 0x00007f7ba8190aa0 nmethod 11397 0x00007f7b97d6f790 code [0x00007f7b97d6f960, 0x00007f7b97d6fcc0]
Event: 89,611 Thread 0x00007f7ba8190aa0 11386       3       java.util.stream.AbstractPipeline::evaluateToArrayNode (78 bytes)
Event: 89,612 Thread 0x00007f7ba8190aa0 nmethod 11386 0x00007f7b97d6fe10 code [0x00007f7b97d70020, 0x00007f7b97d705b0]
Event: 89,612 Thread 0x00007f7ba8190aa0 11387       3       java.util.stream.AbstractPipeline::evaluate (44 bytes)
Event: 89,612 Thread 0x00007f7ba8190aa0 nmethod 11387 0x00007f7b97d70790 code [0x00007f7b97d709e0, 0x00007f7b97d71280]
Event: 89,612 Thread 0x00007f7ba8190aa0 11388       3       java.util.stream.AbstractPipeline::exactOutputSizeIfKnown (86 bytes)
Event: 89,613 Thread 0x00007f7ba8190aa0 nmethod 11388 0x00007f7b97d71510 code [0x00007f7b97d71700, 0x00007f7b97d71d80]
Event: 89,613 Thread 0x00007f7ba8190aa0 11391       3       java.util.stream.ReferencePipeline::makeNodeBuilder (6 bytes)
Event: 89,613 Thread 0x00007f7ba8190aa0 nmethod 11391 0x00007f7b97d72010 code [0x00007f7b97d721c0, 0x00007f7b97d72300]
Event: 89,613 Thread 0x00007f7ba8190aa0 11392       3       java.util.stream.Nodes::builder (30 bytes)
Event: 89,614 Thread 0x00007f7ba8190aa0 nmethod 11392 0x00007f7b97d72390 code [0x00007f7b97d72580, 0x00007f7b97d72b40]
Event: 89,614 Thread 0x00007f7ba8190aa0 11389       3       org.eclipse.jdt.internal.compiler.lookup.TypeVariableBinding::setSuperInterfaces (65 bytes)
Event: 89,614 Thread 0x00007f7ba8190aa0 nmethod 11389 0x00007f7b97d72d90 code [0x00007f7b97d72f60, 0x00007f7b97d733e0]
Event: 89,614 Thread 0x00007f7ba8190aa0 11374       3       org.eclipse.jdt.internal.compiler.ast.QualifiedTypeReference::rejectAnnotationsOnPackageQualifiers (118 bytes)
Event: 89,615 Thread 0x00007f7ba8190aa0 nmethod 11374 0x00007f7b97d73590 code [0x00007f7b97d737c0, 0x00007f7b97d74110]
Event: 89,615 Thread 0x00007f7ba8190aa0 11375   !   3       org.eclipse.jdt.internal.compiler.ast.QualifiedTypeReference::findNextTypeBinding (151 bytes)
Event: 89,615 Thread 0x00007f7320070b00 11414       4       java.io.File::hashCode (8 bytes)

GC Heap History (20 events):
Event: 40,069 GC heap before
{Heap before GC invocations=138 (full 8):
 PSYoungGen      total 10240K, used 10052K [0x00007f78eb980000, 0x00007f78ec480000, 0x00007f7b96400000)
  eden space 9728K, 99% used [0x00007f78eb980000,0x00007f78ec2f51f0,0x00007f78ec300000)
  from space 512K, 71% used [0x00007f78ec380000,0x00007f78ec3dc010,0x00007f78ec400000)
  to   space 512K, 0% used [0x00007f78ec300000,0x00007f78ec300000,0x00007f78ec380000)
 ParOldGen       total 181248K, used 164093K [0x00007f7396400000, 0x00007f73a1500000, 0x00007f78eb980000)
  object space 181248K, 90% used [0x00007f7396400000,0x00007f73a043f648,0x00007f73a1500000)
 Metaspace       used 70889K, committed 72000K, reserved 1114112K
  class space    used 7325K, committed 7808K, reserved 1048576K
}
Event: 40,079 GC heap after
{Heap after GC invocations=138 (full 8):
 PSYoungGen      total 10240K, used 511K [0x00007f78eb980000, 0x00007f78ec700000, 0x00007f7b96400000)
  eden space 9728K, 0% used [0x00007f78eb980000,0x00007f78eb980000,0x00007f78ec300000)
  from space 512K, 99% used [0x00007f78ec300000,0x00007f78ec37ff20,0x00007f78ec380000)
  to   space 1536K, 0% used [0x00007f78ec580000,0x00007f78ec580000,0x00007f78ec700000)
 ParOldGen       total 181248K, used 164767K [0x00007f7396400000, 0x00007f73a1500000, 0x00007f78eb980000)
  object space 181248K, 90% used [0x00007f7396400000,0x00007f73a04e7d40,0x00007f73a1500000)
 Metaspace       used 70889K, committed 72000K, reserved 1114112K
  class space    used 7325K, committed 7808K, reserved 1048576K
}
Event: 40,115 GC heap before
{Heap before GC invocations=139 (full 8):
 PSYoungGen      total 10240K, used 10239K [0x00007f78eb980000, 0x00007f78ec700000, 0x00007f7b96400000)
  eden space 9728K, 100% used [0x00007f78eb980000,0x00007f78ec300000,0x00007f78ec300000)
  from space 512K, 99% used [0x00007f78ec300000,0x00007f78ec37ff20,0x00007f78ec380000)
  to   space 1536K, 0% used [0x00007f78ec580000,0x00007f78ec580000,0x00007f78ec700000)
 ParOldGen       total 181248K, used 164767K [0x00007f7396400000, 0x00007f73a1500000, 0x00007f78eb980000)
  object space 181248K, 90% used [0x00007f7396400000,0x00007f73a04e7d40,0x00007f73a1500000)
 Metaspace       used 70901K, committed 72000K, reserved 1114112K
  class space    used 7325K, committed 7808K, reserved 1048576K
}
Event: 40,123 GC heap after
{Heap after GC invocations=139 (full 8):
 PSYoungGen      total 11264K, used 224K [0x00007f78eb980000, 0x00007f78ec600000, 0x00007f7b96400000)
  eden space 10752K, 0% used [0x00007f78eb980000,0x00007f78eb980000,0x00007f78ec400000)
  from space 512K, 43% used [0x00007f78ec580000,0x00007f78ec5b8000,0x00007f78ec600000)
  to   space 1024K, 0% used [0x00007f78ec400000,0x00007f78ec400000,0x00007f78ec500000)
 ParOldGen       total 181248K, used 164815K [0x00007f7396400000, 0x00007f73a1500000, 0x00007f78eb980000)
  object space 181248K, 90% used [0x00007f7396400000,0x00007f73a04f3d40,0x00007f73a1500000)
 Metaspace       used 70901K, committed 72000K, reserved 1114112K
  class space    used 7325K, committed 7808K, reserved 1048576K
}
Event: 67,273 GC heap before
{Heap before GC invocations=140 (full 8):
 PSYoungGen      total 11264K, used 10976K [0x00007f78eb980000, 0x00007f78ec600000, 0x00007f7b96400000)
  eden space 10752K, 100% used [0x00007f78eb980000,0x00007f78ec400000,0x00007f78ec400000)
  from space 512K, 43% used [0x00007f78ec580000,0x00007f78ec5b8000,0x00007f78ec600000)
  to   space 1024K, 0% used [0x00007f78ec400000,0x00007f78ec400000,0x00007f78ec500000)
 ParOldGen       total 181248K, used 164815K [0x00007f7396400000, 0x00007f73a1500000, 0x00007f78eb980000)
  object space 181248K, 90% used [0x00007f7396400000,0x00007f73a04f3d40,0x00007f73a1500000)
 Metaspace       used 70990K, committed 72064K, reserved 1114112K
  class space    used 7334K, committed 7808K, reserved 1048576K
}
Event: 67,282 GC heap after
{Heap after GC invocations=140 (full 8):
 PSYoungGen      total 11776K, used 1000K [0x00007f78eb980000, 0x00007f78ec800000, 0x00007f7b96400000)
  eden space 10752K, 0% used [0x00007f78eb980000,0x00007f78eb980000,0x00007f78ec400000)
  from space 1024K, 97% used [0x00007f78ec400000,0x00007f78ec4fa3e0,0x00007f78ec500000)
  to   space 1536K, 0% used [0x00007f78ec680000,0x00007f78ec680000,0x00007f78ec800000)
 ParOldGen       total 181248K, used 164953K [0x00007f7396400000, 0x00007f73a1500000, 0x00007f78eb980000)
  object space 181248K, 91% used [0x00007f7396400000,0x00007f73a05166d8,0x00007f73a1500000)
 Metaspace       used 70990K, committed 72064K, reserved 1114112K
  class space    used 7334K, committed 7808K, reserved 1048576K
}
Event: 67,318 GC heap before
{Heap before GC invocations=141 (full 8):
 PSYoungGen      total 11776K, used 11752K [0x00007f78eb980000, 0x00007f78ec800000, 0x00007f7b96400000)
  eden space 10752K, 100% used [0x00007f78eb980000,0x00007f78ec400000,0x00007f78ec400000)
  from space 1024K, 97% used [0x00007f78ec400000,0x00007f78ec4fa3e0,0x00007f78ec500000)
  to   space 1536K, 0% used [0x00007f78ec680000,0x00007f78ec680000,0x00007f78ec800000)
 ParOldGen       total 181248K, used 164953K [0x00007f7396400000, 0x00007f73a1500000, 0x00007f78eb980000)
  object space 181248K, 91% used [0x00007f7396400000,0x00007f73a05166d8,0x00007f73a1500000)
 Metaspace       used 71000K, committed 72064K, reserved 1114112K
  class space    used 7334K, committed 7808K, reserved 1048576K
}
Event: 67,330 GC heap after
{Heap after GC invocations=141 (full 8):
 PSYoungGen      total 13312K, used 1435K [0x00007f78eb980000, 0x00007f78ec880000, 0x00007f7b96400000)
  eden space 11776K, 0% used [0x00007f78eb980000,0x00007f78eb980000,0x00007f78ec500000)
  from space 1536K, 93% used [0x00007f78ec680000,0x00007f78ec7e6d58,0x00007f78ec800000)
  to   space 1536K, 0% used [0x00007f78ec500000,0x00007f78ec500000,0x00007f78ec680000)
 ParOldGen       total 181248K, used 165005K [0x00007f7396400000, 0x00007f73a1500000, 0x00007f78eb980000)
  object space 181248K, 91% used [0x00007f7396400000,0x00007f73a05236f8,0x00007f73a1500000)
 Metaspace       used 71000K, committed 72064K, reserved 1114112K
  class space    used 7334K, committed 7808K, reserved 1048576K
}
Event: 67,715 GC heap before
{Heap before GC invocations=142 (full 8):
 PSYoungGen      total 13312K, used 13211K [0x00007f78eb980000, 0x00007f78ec880000, 0x00007f7b96400000)
  eden space 11776K, 100% used [0x00007f78eb980000,0x00007f78ec500000,0x00007f78ec500000)
  from space 1536K, 93% used [0x00007f78ec680000,0x00007f78ec7e6d58,0x00007f78ec800000)
  to   space 1536K, 0% used [0x00007f78ec500000,0x00007f78ec500000,0x00007f78ec680000)
 ParOldGen       total 181248K, used 165005K [0x00007f7396400000, 0x00007f73a1500000, 0x00007f78eb980000)
  object space 181248K, 91% used [0x00007f7396400000,0x00007f73a05236f8,0x00007f73a1500000)
 Metaspace       used 71015K, committed 72128K, reserved 1114112K
  class space    used 7334K, committed 7808K, reserved 1048576K
}
Event: 67,723 GC heap after
{Heap after GC invocations=142 (full 8):
 PSYoungGen      total 13312K, used 1521K [0x00007f78eb980000, 0x00007f78ecc00000, 0x00007f7b96400000)
  eden space 11776K, 0% used [0x00007f78eb980000,0x00007f78eb980000,0x00007f78ec500000)
  from space 1536K, 99% used [0x00007f78ec500000,0x00007f78ec67c7c0,0x00007f78ec680000)
  to   space 3072K, 0% used [0x00007f78ec900000,0x00007f78ec900000,0x00007f78ecc00000)
 ParOldGen       total 181248K, used 166253K [0x00007f7396400000, 0x00007f73a1500000, 0x00007f78eb980000)
  object space 181248K, 91% used [0x00007f7396400000,0x00007f73a065b440,0x00007f73a1500000)
 Metaspace       used 71015K, committed 72128K, reserved 1114112K
  class space    used 7334K, committed 7808K, reserved 1048576K
}
Event: 74,389 GC heap before
{Heap before GC invocations=143 (full 8):
 PSYoungGen      total 13312K, used 13297K [0x00007f78eb980000, 0x00007f78ecc00000, 0x00007f7b96400000)
  eden space 11776K, 100% used [0x00007f78eb980000,0x00007f78ec500000,0x00007f78ec500000)
  from space 1536K, 99% used [0x00007f78ec500000,0x00007f78ec67c7c0,0x00007f78ec680000)
  to   space 3072K, 0% used [0x00007f78ec900000,0x00007f78ec900000,0x00007f78ecc00000)
 ParOldGen       total 181248K, used 166253K [0x00007f7396400000, 0x00007f73a1500000, 0x00007f78eb980000)
  object space 181248K, 91% used [0x00007f7396400000,0x00007f73a065b440,0x00007f73a1500000)
 Metaspace       used 71025K, committed 72128K, reserved 1114112K
  class space    used 7334K, committed 7808K, reserved 1048576K
}
Event: 74,396 GC heap after
{Heap after GC invocations=143 (full 8):
 PSYoungGen      total 15872K, used 2457K [0x00007f78eb980000, 0x00007f78ecc00000, 0x00007f7b96400000)
  eden space 12800K, 0% used [0x00007f78eb980000,0x00007f78eb980000,0x00007f78ec600000)
  from space 3072K, 79% used [0x00007f78ec900000,0x00007f78ecb66438,0x00007f78ecc00000)
  to   space 3072K, 0% used [0x00007f78ec600000,0x00007f78ec600000,0x00007f78ec900000)
 ParOldGen       total 181248K, used 166862K [0x00007f7396400000, 0x00007f73a1500000, 0x00007f78eb980000)
  object space 181248K, 92% used [0x00007f7396400000,0x00007f73a06f3820,0x00007f73a1500000)
 Metaspace       used 71025K, committed 72128K, reserved 1114112K
  class space    used 7334K, committed 7808K, reserved 1048576K
}
Event: 74,436 GC heap before
{Heap before GC invocations=144 (full 8):
 PSYoungGen      total 15872K, used 15257K [0x00007f78eb980000, 0x00007f78ecc00000, 0x00007f7b96400000)
  eden space 12800K, 100% used [0x00007f78eb980000,0x00007f78ec600000,0x00007f78ec600000)
  from space 3072K, 79% used [0x00007f78ec900000,0x00007f78ecb66438,0x00007f78ecc00000)
  to   space 3072K, 0% used [0x00007f78ec600000,0x00007f78ec600000,0x00007f78ec900000)
 ParOldGen       total 181248K, used 166862K [0x00007f7396400000, 0x00007f73a1500000, 0x00007f78eb980000)
  object space 181248K, 92% used [0x00007f7396400000,0x00007f73a06f3820,0x00007f73a1500000)
 Metaspace       used 71029K, committed 72128K, reserved 1114112K
  class space    used 7334K, committed 7808K, reserved 1048576K
}
Event: 74,445 GC heap after
{Heap after GC invocations=144 (full 8):
 PSYoungGen      total 15872K, used 3030K [0x00007f78eb980000, 0x00007f78ece00000, 0x00007f7b96400000)
  eden space 12800K, 0% used [0x00007f78eb980000,0x00007f78eb980000,0x00007f78ec600000)
  from space 3072K, 98% used [0x00007f78ec600000,0x00007f78ec8f5ad0,0x00007f78ec900000)
  to   space 3584K, 0% used [0x00007f78eca80000,0x00007f78eca80000,0x00007f78ece00000)
 ParOldGen       total 181248K, used 166862K [0x00007f7396400000, 0x00007f73a1500000, 0x00007f78eb980000)
  object space 181248K, 92% used [0x00007f7396400000,0x00007f73a06f3820,0x00007f73a1500000)
 Metaspace       used 71029K, committed 72128K, reserved 1114112K
  class space    used 7334K, committed 7808K, reserved 1048576K
}
Event: 74,521 GC heap before
{Heap before GC invocations=145 (full 8):
 PSYoungGen      total 15872K, used 15830K [0x00007f78eb980000, 0x00007f78ece00000, 0x00007f7b96400000)
  eden space 12800K, 100% used [0x00007f78eb980000,0x00007f78ec600000,0x00007f78ec600000)
  from space 3072K, 98% used [0x00007f78ec600000,0x00007f78ec8f5ad0,0x00007f78ec900000)
  to   space 3584K, 0% used [0x00007f78eca80000,0x00007f78eca80000,0x00007f78ece00000)
 ParOldGen       total 181248K, used 166862K [0x00007f7396400000, 0x00007f73a1500000, 0x00007f78eb980000)
  object space 181248K, 92% used [0x00007f7396400000,0x00007f73a06f3820,0x00007f73a1500000)
 Metaspace       used 71440K, committed 72576K, reserved 1114112K
  class space    used 7369K, committed 7872K, reserved 1048576K
}
Event: 74,532 GC heap after
{Heap after GC invocations=145 (full 8):
 PSYoungGen      total 16896K, used 2785K [0x00007f78eb980000, 0x00007f78ecd80000, 0x00007f7b96400000)
  eden space 13824K, 0% used [0x00007f78eb980000,0x00007f78eb980000,0x00007f78ec700000)
  from space 3072K, 90% used [0x00007f78eca80000,0x00007f78ecd387d0,0x00007f78ecd80000)
  to   space 3072K, 0% used [0x00007f78ec780000,0x00007f78ec780000,0x00007f78eca80000)
 ParOldGen       total 181248K, used 166862K [0x00007f7396400000, 0x00007f73a1500000, 0x00007f78eb980000)
  object space 181248K, 92% used [0x00007f7396400000,0x00007f73a06f3820,0x00007f73a1500000)
 Metaspace       used 71440K, committed 72576K, reserved 1114112K
  class space    used 7369K, committed 7872K, reserved 1048576K
}
Event: 89,507 GC heap before
{Heap before GC invocations=146 (full 8):
 PSYoungGen      total 16896K, used 16609K [0x00007f78eb980000, 0x00007f78ecd80000, 0x00007f7b96400000)
  eden space 13824K, 100% used [0x00007f78eb980000,0x00007f78ec700000,0x00007f78ec700000)
  from space 3072K, 90% used [0x00007f78eca80000,0x00007f78ecd387d0,0x00007f78ecd80000)
  to   space 3072K, 0% used [0x00007f78ec780000,0x00007f78ec780000,0x00007f78eca80000)
 ParOldGen       total 181248K, used 166862K [0x00007f7396400000, 0x00007f73a1500000, 0x00007f78eb980000)
  object space 181248K, 92% used [0x00007f7396400000,0x00007f73a06f3820,0x00007f73a1500000)
 Metaspace       used 71464K, committed 72576K, reserved 1114112K
  class space    used 7369K, committed 7872K, reserved 1048576K
}
Event: 89,520 GC heap after
{Heap after GC invocations=146 (full 8):
 PSYoungGen      total 16384K, used 2166K [0x00007f78eb980000, 0x00007f78ecc00000, 0x00007f7b96400000)
  eden space 13824K, 0% used [0x00007f78eb980000,0x00007f78eb980000,0x00007f78ec700000)
  from space 2560K, 84% used [0x00007f78ec780000,0x00007f78ec99dad0,0x00007f78eca00000)
  to   space 2048K, 0% used [0x00007f78eca00000,0x00007f78eca00000,0x00007f78ecc00000)
 ParOldGen       total 181248K, used 166870K [0x00007f7396400000, 0x00007f73a1500000, 0x00007f78eb980000)
  object space 181248K, 92% used [0x00007f7396400000,0x00007f73a06f5820,0x00007f73a1500000)
 Metaspace       used 71464K, committed 72576K, reserved 1114112K
  class space    used 7369K, committed 7872K, reserved 1048576K
}
Event: 89,562 GC heap before
{Heap before GC invocations=147 (full 8):
 PSYoungGen      total 16384K, used 15990K [0x00007f78eb980000, 0x00007f78ecc00000, 0x00007f7b96400000)
  eden space 13824K, 100% used [0x00007f78eb980000,0x00007f78ec700000,0x00007f78ec700000)
  from space 2560K, 84% used [0x00007f78ec780000,0x00007f78ec99dad0,0x00007f78eca00000)
  to   space 2048K, 0% used [0x00007f78eca00000,0x00007f78eca00000,0x00007f78ecc00000)
 ParOldGen       total 181248K, used 166870K [0x00007f7396400000, 0x00007f73a1500000, 0x00007f78eb980000)
  object space 181248K, 92% used [0x00007f7396400000,0x00007f73a06f5820,0x00007f73a1500000)
 Metaspace       used 71466K, committed 72576K, reserved 1114112K
  class space    used 7369K, committed 7872K, reserved 1048576K
}
Event: 89,570 GC heap after
{Heap after GC invocations=147 (full 8):
 PSYoungGen      total 15360K, used 2017K [0x00007f78eb980000, 0x00007f78ecf80000, 0x00007f7b96400000)
  eden space 13312K, 0% used [0x00007f78eb980000,0x00007f78eb980000,0x00007f78ec680000)
  from space 2048K, 98% used [0x00007f78eca00000,0x00007f78ecbf87d0,0x00007f78ecc00000)
  to   space 3584K, 0% used [0x00007f78ec680000,0x00007f78ec680000,0x00007f78eca00000)
 ParOldGen       total 181248K, used 167906K [0x00007f7396400000, 0x00007f73a1500000, 0x00007f78eb980000)
  object space 181248K, 92% used [0x00007f7396400000,0x00007f73a07f8bb0,0x00007f73a1500000)
 Metaspace       used 71466K, committed 72576K, reserved 1114112K
  class space    used 7369K, committed 7872K, reserved 1048576K
}

Deoptimization events (20 events):
Event: 38,976 Thread 0x00007f73140416f0 DEOPT PACKING pc=0x00007f7b970ee5e6 sp=0x00007f730c8fa6a0
Event: 38,976 Thread 0x00007f73140416f0 DEOPT UNPACKING pc=0x00007f7b9645252f sp=0x00007f730c8f9c50 mode 0
Event: 54,978 Thread 0x00007f73140416f0 DEOPT PACKING pc=0x00007f7b97abb104 sp=0x00007f730c8f5290
Event: 54,978 Thread 0x00007f73140416f0 DEOPT UNPACKING pc=0x00007f7b9645252f sp=0x00007f730c8f4760 mode 0
Event: 74,414 Thread 0x00007f73140416f0 DEOPT PACKING pc=0x00007f7b975f9d14 sp=0x00007f730c8f9920
Event: 74,414 Thread 0x00007f73140416f0 DEOPT UNPACKING pc=0x00007f7b9645252f sp=0x00007f730c8f8e88 mode 0
Event: 74,486 Thread 0x00007f73140416f0 Uncommon trap: trap_request=0xffffff45 fr.pc=0x00007f7b9e2b976c relative=0x00000000000011ac
Event: 74,486 Thread 0x00007f73140416f0 Uncommon trap: reason=unstable_if action=reinterpret pc=0x00007f7b9e2b976c method=java.util.regex.Pattern.atom()Ljava/util/regex/Pattern$Node; @ 14 c2
Event: 74,486 Thread 0x00007f73140416f0 DEOPT PACKING pc=0x00007f7b9e2b976c sp=0x00007f730c8fa4c0
Event: 74,486 Thread 0x00007f73140416f0 DEOPT UNPACKING pc=0x00007f7b96451d99 sp=0x00007f730c8fa488 mode 2
Event: 74,488 Thread 0x00007f73140416f0 Uncommon trap: trap_request=0xffffff45 fr.pc=0x00007f7b9dee30a0 relative=0x0000000000000200
Event: 74,488 Thread 0x00007f73140416f0 Uncommon trap: reason=unstable_if action=reinterpret pc=0x00007f7b9dee30a0 method=java.util.regex.Pattern.RemoveQEQuoting()V @ 41 c2
Event: 74,488 Thread 0x00007f73140416f0 DEOPT PACKING pc=0x00007f7b9dee30a0 sp=0x00007f730c8fa880
Event: 74,488 Thread 0x00007f73140416f0 DEOPT UNPACKING pc=0x00007f7b96451d99 sp=0x00007f730c8fa800 mode 2
Event: 74,490 Thread 0x00007f73140416f0 Uncommon trap: trap_request=0xffffff45 fr.pc=0x00007f7b9e34b5d8 relative=0x0000000000001398
Event: 74,490 Thread 0x00007f73140416f0 Uncommon trap: reason=unstable_if action=reinterpret pc=0x00007f7b9e34b5d8 method=java.util.regex.Pattern.sequence(Ljava/util/regex/Pattern$Node;)Ljava/util/regex/Pattern$Node; @ 471 c2
Event: 74,490 Thread 0x00007f73140416f0 DEOPT PACKING pc=0x00007f7b9e34b5d8 sp=0x00007f730c8fa110
Event: 74,490 Thread 0x00007f73140416f0 DEOPT UNPACKING pc=0x00007f7b96451d99 sp=0x00007f730c8fa0d0 mode 2
Event: 89,532 Thread 0x00007f73140416f0 DEOPT PACKING pc=0x00007f7b96a67bc4 sp=0x00007f730c8f9650
Event: 89,532 Thread 0x00007f73140416f0 DEOPT UNPACKING pc=0x00007f7b9645252f sp=0x00007f730c8f8b38 mode 0

Classes unloaded (0 events):
No events

Classes redefined (0 events):
No events

Internal exceptions (20 events):
Event: 89,584 Thread 0x00007f73140416f0 Implicit null exception at 0x00007f7b969f9832 to 0x00007f7b969f9917
Event: 89,584 Thread 0x00007f73140416f0 Exception <a 'java/lang/NullPointerException'{0x00007f78ebd0b868}> (0x00007f78ebd0b868) 
thrown [src/hotspot/share/runtime/sharedRuntime.cpp, line 628]
Event: 89,585 Thread 0x00007f73140416f0 Implicit null exception at 0x00007f7b969f9832 to 0x00007f7b969f9917
Event: 89,585 Thread 0x00007f73140416f0 Exception <a 'java/lang/NullPointerException'{0x00007f78ebd0c4c0}> (0x00007f78ebd0c4c0) 
thrown [src/hotspot/share/runtime/sharedRuntime.cpp, line 628]
Event: 89,585 Thread 0x00007f73140416f0 Implicit null exception at 0x00007f7b969f9832 to 0x00007f7b969f9917
Event: 89,585 Thread 0x00007f73140416f0 Exception <a 'java/lang/NullPointerException'{0x00007f78ebd336c0}> (0x00007f78ebd336c0) 
thrown [src/hotspot/share/runtime/sharedRuntime.cpp, line 628]
Event: 89,585 Thread 0x00007f73140416f0 Implicit null exception at 0x00007f7b969f9832 to 0x00007f7b969f9917
Event: 89,585 Thread 0x00007f73140416f0 Exception <a 'java/lang/NullPointerException'{0x00007f78ebd501b8}> (0x00007f78ebd501b8) 
thrown [src/hotspot/share/runtime/sharedRuntime.cpp, line 628]
Event: 89,585 Thread 0x00007f73140416f0 Implicit null exception at 0x00007f7b969f9832 to 0x00007f7b969f9917
Event: 89,585 Thread 0x00007f73140416f0 Exception <a 'java/lang/NullPointerException'{0x00007f78ebd6c6a8}> (0x00007f78ebd6c6a8) 
thrown [src/hotspot/share/runtime/sharedRuntime.cpp, line 628]
Event: 89,586 Thread 0x00007f73140416f0 Implicit null exception at 0x00007f7b969f9832 to 0x00007f7b969f9917
Event: 89,586 Thread 0x00007f73140416f0 Exception <a 'java/lang/NullPointerException'{0x00007f78ebd87948}> (0x00007f78ebd87948) 
thrown [src/hotspot/share/runtime/sharedRuntime.cpp, line 628]
Event: 89,586 Thread 0x00007f73140416f0 Implicit null exception at 0x00007f7b969f9832 to 0x00007f7b969f9917
Event: 89,586 Thread 0x00007f73140416f0 Exception <a 'java/lang/NullPointerException'{0x00007f78ebe18478}> (0x00007f78ebe18478) 
thrown [src/hotspot/share/runtime/sharedRuntime.cpp, line 628]
Event: 89,587 Thread 0x00007f73140416f0 Implicit null exception at 0x00007f7b969f9832 to 0x00007f7b969f9917
Event: 89,587 Thread 0x00007f73140416f0 Exception <a 'java/lang/NullPointerException'{0x00007f78ebe19088}> (0x00007f78ebe19088) 
thrown [src/hotspot/share/runtime/sharedRuntime.cpp, line 628]
Event: 89,587 Thread 0x00007f73140416f0 Implicit null exception at 0x00007f7b969f9832 to 0x00007f7b969f9917
Event: 89,587 Thread 0x00007f73140416f0 Exception <a 'java/lang/NullPointerException'{0x00007f78ebe1ac48}> (0x00007f78ebe1ac48) 
thrown [src/hotspot/share/runtime/sharedRuntime.cpp, line 628]
Event: 89,587 Thread 0x00007f73140416f0 Implicit null exception at 0x00007f7b969f9832 to 0x00007f7b969f9917
Event: 89,587 Thread 0x00007f73140416f0 Exception <a 'java/lang/NullPointerException'{0x00007f78ebe1b7f8}> (0x00007f78ebe1b7f8) 
thrown [src/hotspot/share/runtime/sharedRuntime.cpp, line 628]

VM Operations (20 events):
Event: 68,723 Executing VM operation: Cleanup
Event: 68,723 Executing VM operation: Cleanup done
Event: 74,389 Executing VM operation: ParallelGCFailedAllocation
Event: 74,396 Executing VM operation: ParallelGCFailedAllocation done
Event: 74,436 Executing VM operation: ParallelGCFailedAllocation
Event: 74,445 Executing VM operation: ParallelGCFailedAllocation done
Event: 74,521 Executing VM operation: ParallelGCFailedAllocation
Event: 74,532 Executing VM operation: ParallelGCFailedAllocation done
Event: 75,532 Executing VM operation: Cleanup
Event: 75,532 Executing VM operation: Cleanup done
Event: 77,532 Executing VM operation: Cleanup
Event: 77,532 Executing VM operation: Cleanup done
Event: 78,532 Executing VM operation: Cleanup
Event: 78,533 Executing VM operation: Cleanup done
Event: 79,533 Executing VM operation: Cleanup
Event: 79,533 Executing VM operation: Cleanup done
Event: 89,506 Executing VM operation: ParallelGCFailedAllocation
Event: 89,520 Executing VM operation: ParallelGCFailedAllocation done
Event: 89,562 Executing VM operation: ParallelGCFailedAllocation
Event: 89,570 Executing VM operation: ParallelGCFailedAllocation done

Events (20 events):
Event: 38,989 Protecting memory [0x00007f730c2f7000,0x00007f730c2fb000] with protection modes 0
Event: 39,256 Thread 0x00007f73201e51e0 Thread exited: 0x00007f73201e51e0
Event: 40,104 Thread 0x00007f732c1a8110 Thread added: 0x00007f732c1a8110
Event: 40,104 Protecting memory [0x00007f730c2f7000,0x00007f730c2fb000] with protection modes 0
Event: 40,498 Thread 0x00007f7ba8191ee0 flushing nmethod 0x00007f7b978d9b90
Event: 40,500 Thread 0x00007f7ba8191ee0 flushing nmethod 0x00007f7b97a7aa10
Event: 40,500 Thread 0x00007f7ba8191ee0 flushing nmethod 0x00007f7b97a7b510
Event: 45,564 Thread 0x00007f732c1a8110 Thread exited: 0x00007f732c1a8110
Event: 61,619 Thread 0x00007f7ba83b1430 Thread exited: 0x00007f7ba83b1430
Event: 67,256 Thread 0x00007f7320abbea0 Thread added: 0x00007f7320abbea0
Event: 67,257 Protecting memory [0x00007f730c2f7000,0x00007f730c2fb000] with protection modes 0
Event: 67,676 Thread 0x00007f7320abbea0 Thread exited: 0x00007f7320abbea0
Event: 67,688 Thread 0x00007f732020ae20 Thread added: 0x00007f732020ae20
Event: 67,689 Protecting memory [0x00007f730c2f7000,0x00007f730c2fb000] with protection modes 0
Event: 72,873 Thread 0x00007f732020ae20 Thread exited: 0x00007f732020ae20
Event: 74,400 Thread 0x00007f732020ad70 Thread added: 0x00007f732020ad70
Event: 74,400 Protecting memory [0x00007f730c2f7000,0x00007f730c2fb000] with protection modes 0
Event: 78,001 Thread 0x00007f732020ad70 Thread exited: 0x00007f732020ad70
Event: 89,505 Thread 0x00007f7320070b00 Thread added: 0x00007f7320070b00
Event: 89,506 Protecting memory [0x00007f730c2f7000,0x00007f730c2fb000] with protection modes 0


Dynamic libraries:
80000000-80020000 rw-p 00000000 00:00 0 
80020000-80040000 rw-p 00000000 00:00 0 
80040000-800c0000 rw-p 00000000 00:00 0 
800c0000-800e0000 rw-p 00000000 00:00 0 
800e0000-80140000 rw-p 00000000 00:00 0 
80140000-80180000 rw-p 00000000 00:00 0 
80180000-80200000 rw-p 00000000 00:00 0 
80200000-802c0000 rw-p 00000000 00:00 0 
802c0000-80300000 rw-p 00000000 00:00 0 
80300000-80440000 rw-p 00000000 00:00 0 
80440000-80480000 rw-p 00000000 00:00 0 
80480000-807b0000 rw-p 00000000 00:00 0 
807b0000-c0000000 ---p 00000000 00:00 0 
55e0e3600000-55e0e3601000 r-xp 00000000 08:01 2372946                    /home/delaval/.vscode/extensions/redhat.java-1.4.0/jre/17.0.2-linux-x86_64/bin/java
55e0e3801000-55e0e3802000 r--p 00001000 08:01 2372946                    /home/delaval/.vscode/extensions/redhat.java-1.4.0/jre/17.0.2-linux-x86_64/bin/java
55e0e3802000-55e0e3803000 rw-p 00002000 08:01 2372946                    /home/delaval/.vscode/extensions/redhat.java-1.4.0/jre/17.0.2-linux-x86_64/bin/java
55e0e460d000-55e0e49dd000 rw-p 00000000 00:00 0                          [heap]
7f72bf83d000-7f72c8000000 r--s 00000000 08:01 5248530                    /usr/lib/jvm/java-11-openjdk-amd64/lib/modules
7f72c8000000-7f72c9c1f000 rw-p 00000000 00:00 0 
7f72c9c1f000-7f72cc000000 ---p 00000000 00:00 0 
7f72ce000000-7f72ce200000 rw-p 00000000 00:00 0 
7f72ce200000-7f72ce6f0000 rw-p 00000000 00:00 0 
7f72ce6f0000-7f72ce700000 ---p 00000000 00:00 0 
7f72ce700000-7f72ce740000 rw-p 00000000 00:00 0 
7f72ce740000-7f72ce800000 ---p 00000000 00:00 0 
7f72ce800000-7f72cf000000 rw-p 00000000 00:00 0 
7f72cf400000-7f72cf700000 rw-p 00000000 00:00 0 
7f72cf700000-7f72cf800000 rw-p 00000000 00:00 0 
7f72cf800000-7f72cfc00000 rw-p 00000000 00:00 0 
7f72d0000000-7f72d00a8000 rw-p 00000000 00:00 0 
7f72d00a8000-7f72d4000000 ---p 00000000 00:00 0 
7f72d4000000-7f72d43dc000 rw-p 00000000 00:00 0 
7f72d43dc000-7f72d8000000 ---p 00000000 00:00 0 
7f72d8000000-7f72d81e1000 rw-p 00000000 00:00 0 
7f72d81e1000-7f72dc000000 ---p 00000000 00:00 0 
7f72dc000000-7f72dc578000 rw-p 00000000 00:00 0 
7f72dc578000-7f72e0000000 ---p 00000000 00:00 0 
7f72e0000000-7f72e002b000 rw-p 00000000 00:00 0 
7f72e002b000-7f72e4000000 ---p 00000000 00:00 0 
7f72e4000000-7f72e4021000 rw-p 00000000 00:00 0 
7f72e4021000-7f72e8000000 ---p 00000000 00:00 0 
7f72e8000000-7f72e8021000 rw-p 00000000 00:00 0 
7f72e8021000-7f72ec000000 ---p 00000000 00:00 0 
7f72ec000000-7f72ec021000 rw-p 00000000 00:00 0 
7f72ec021000-7f72f0000000 ---p 00000000 00:00 0 
7f72f0000000-7f72f0021000 rw-p 00000000 00:00 0 
7f72f0021000-7f72f4000000 ---p 00000000 00:00 0 
7f72f4000000-7f72f498c000 rw-p 00000000 00:00 0 
7f72f498c000-7f72f8000000 ---p 00000000 00:00 0 
7f72f8000000-7f72f8021000 rw-p 00000000 00:00 0 
7f72f8021000-7f72fc000000 ---p 00000000 00:00 0 
7f72fc000000-7f72fc021000 rw-p 00000000 00:00 0 
7f72fc021000-7f7300000000 ---p 00000000 00:00 0 
7f7300000000-7f730002b000 rw-p 00000000 00:00 0 
7f730002b000-7f7304000000 ---p 00000000 00:00 0 
7f7304000000-7f7304021000 rw-p 00000000 00:00 0 
7f7304021000-7f7308000000 ---p 00000000 00:00 0 
7f7308000000-7f7308627000 rw-p 00000000 00:00 0 
7f7308627000-7f730c000000 ---p 00000000 00:00 0 
7f730c2f7000-7f730c2fb000 ---p 00000000 00:00 0 
7f730c2fb000-7f730c3f8000 rw-p 00000000 00:00 0 
7f730c3f8000-7f730c3fc000 ---p 00000000 00:00 0 
7f730c3fc000-7f730c4f9000 rw-p 00000000 00:00 0 
7f730c4f9000-7f730c4fd000 ---p 00000000 00:00 0 
7f730c4fd000-7f730c5fa000 rw-p 00000000 00:00 0 
7f730c5fa000-7f730c5fe000 ---p 00000000 00:00 0 
7f730c5fe000-7f730c6fb000 rw-p 00000000 00:00 0 
7f730c6fb000-7f730c6ff000 ---p 00000000 00:00 0 
7f730c6ff000-7f730c7fc000 rw-p 00000000 00:00 0 
7f730c7fc000-7f730c800000 ---p 00000000 00:00 0 
7f730c800000-7f730c8fd000 rw-p 00000000 00:00 0 
7f730c8fd000-7f730c901000 ---p 00000000 00:00 0 
7f730c901000-7f730c9fe000 rw-p 00000000 00:00 0 
7f730c9fe000-7f730ca02000 ---p 00000000 00:00 0 
7f730ca02000-7f730caff000 rw-p 00000000 00:00 0 
7f730caff000-7f730cb03000 ---p 00000000 00:00 0 
7f730cb03000-7f730d400000 rw-p 00000000 00:00 0 
7f730d400000-7f730d500000 rw-p 00000000 00:00 0 
7f730d500000-7f730d600000 rw-p 00000000 00:00 0 
7f730d600000-7f730d780000 rw-p 00000000 00:00 0 
7f730d780000-7f730d800000 rw-p 00000000 00:00 0 
7f730d800000-7f730db00000 rw-p 00000000 00:00 0 
7f730db00000-7f730dc00000 rw-p 00000000 00:00 0 
7f730dcf9000-7f730dcfd000 ---p 00000000 00:00 0 
7f730dcfd000-7f730ddfa000 rw-p 00000000 00:00 0 
7f730ddfa000-7f730ddfe000 ---p 00000000 00:00 0 
7f730ddfe000-7f730defb000 rw-p 00000000 00:00 0 
7f730defb000-7f730deff000 ---p 00000000 00:00 0 
7f730deff000-7f730dffc000 rw-p 00000000 00:00 0 
7f730dffc000-7f730e000000 ---p 00000000 00:00 0 
7f730e000000-7f730e0fd000 rw-p 00000000 00:00 0 
7f730e0fd000-7f730e101000 ---p 00000000 00:00 0 
7f730e101000-7f730e1fe000 rw-p 00000000 00:00 0 
7f730e1fe000-7f730e202000 ---p 00000000 00:00 0 
7f730e202000-7f730e2ff000 rw-p 00000000 00:00 0 
7f730e2ff000-7f730e303000 ---p 00000000 00:00 0 
7f730e303000-7f730e500000 rw-p 00000000 00:00 0 
7f730e500000-7f730ec00000 rw-p 00000000 00:00 0 
7f730ece3000-7f730ece7000 ---p 00000000 00:00 0 
7f730ece7000-7f730ede4000 rw-p 00000000 00:00 0 
7f730ede4000-7f730ede8000 ---p 00000000 00:00 0 
7f730ede8000-7f730eee5000 rw-p 00000000 00:00 0 
7f730eee5000-7f730eee9000 ---p 00000000 00:00 0 
7f730eee9000-7f730efe6000 rw-p 00000000 00:00 0 
7f730efe6000-7f730eff6000 r-xp 00000000 08:01 3021962                    /home/delaval/.config/Code/User/globalStorage/redhat.java/1.4.0/config_linux/org.eclipse.equinox.launcher/org.eclipse.equinox.launcher.gtk.linux.x86_64_1.2.400.v20211117-0650/eclipse_11600.so
7f730eff6000-7f730f1f5000 ---p 00010000 08:01 3021962                    /home/delaval/.config/Code/User/globalStorage/redhat.java/1.4.0/config_linux/org.eclipse.equinox.launcher/org.eclipse.equinox.launcher.gtk.linux.x86_64_1.2.400.v20211117-0650/eclipse_11600.so
7f730f1f5000-7f730f1f6000 r--p 0000f000 08:01 3021962                    /home/delaval/.config/Code/User/globalStorage/redhat.java/1.4.0/config_linux/org.eclipse.equinox.launcher/org.eclipse.equinox.launcher.gtk.linux.x86_64_1.2.400.v20211117-0650/eclipse_11600.so
7f730f1f6000-7f730f1f7000 rw-p 00010000 08:01 3021962                    /home/delaval/.config/Code/User/globalStorage/redhat.java/1.4.0/config_linux/org.eclipse.equinox.launcher/org.eclipse.equinox.launcher.gtk.linux.x86_64_1.2.400.v20211117-0650/eclipse_11600.so
7f730f1f7000-7f730f1fb000 ---p 00000000 00:00 0 
7f730f1fb000-7f730f2f8000 rw-p 00000000 00:00 0 
7f730f2f8000-7f730f2fc000 ---p 00000000 00:00 0 
7f730f2fc000-7f730f3f9000 rw-p 00000000 00:00 0 
7f730f3f9000-7f730f3fd000 ---p 00000000 00:00 0 
7f730f3fd000-7f730f4fa000 rw-p 00000000 00:00 0 
7f730f4fa000-7f730f4fb000 ---p 00000000 00:00 0 
7f730f4fb000-7f730f5fc000 rw-p 00000000 00:00 0 
7f730f5fc000-7f730f5fd000 ---p 00000000 00:00 0 
7f730f5fd000-7f730f6fe000 rw-p 00000000 00:00 0 
7f730f6fe000-7f730f6ff000 ---p 00000000 00:00 0 
7f730f6ff000-7f730f900000 rw-p 00000000 00:00 0 
7f730f900000-7f730fa00000 rw-p 00000000 00:00 0 
7f730fa00000-7f730fb00000 rw-p 00000000 00:00 0 
7f730fb00000-7f730fc00000 rw-p 00000000 00:00 0 
7f730fc00000-7f730fd80000 rw-p 00000000 00:00 0 
7f730fd80000-7f730fe00000 rw-p 00000000 00:00 0 
7f730fe00000-7f7310000000 rw-p 00000000 00:00 0 
7f7310000000-7f731017b000 rw-p 00000000 00:00 0 
7f731017b000-7f7314000000 ---p 00000000 00:00 0 
7f7314000000-7f73145f8000 rw-p 00000000 00:00 0 
7f73145f8000-7f7318000000 ---p 00000000 00:00 0 
7f7318000000-7f73187f0000 rw-p 00000000 00:00 0 
7f73187f0000-7f731c000000 ---p 00000000 00:00 0 
7f731c000000-7f731c021000 rw-p 00000000 00:00 0 
7f731c021000-7f7320000000 ---p 00000000 00:00 0 
7f7320000000-7f7320c6b000 rw-p 00000000 00:00 0 
7f7320c6b000-7f7324000000 ---p 00000000 00:00 0 
7f7324000000-7f732402a000 rw-p 00000000 00:00 0 
7f732402a000-7f7328000000 ---p 00000000 00:00 0 
7f7328000000-7f7328021000 rw-p 00000000 00:00 0 
7f7328021000-7f732c000000 ---p 00000000 00:00 0 
7f732c000000-7f732f004000 rw-p 00000000 00:00 0 
7f732f004000-7f7330000000 ---p 00000000 00:00 0 
7f7330000000-7f7330021000 rw-p 00000000 00:00 0 
7f7330021000-7f7334000000 ---p 00000000 00:00 0 
7f7334000000-7f7334021000 rw-p 00000000 00:00 0 
7f7334021000-7f7338000000 ---p 00000000 00:00 0 
7f7338000000-7f7338021000 rw-p 00000000 00:00 0 
7f7338021000-7f733c000000 ---p 00000000 00:00 0 
7f733c000000-7f733c021000 rw-p 00000000 00:00 0 
7f733c021000-7f7340000000 ---p 00000000 00:00 0 
7f7340000000-7f7340021000 rw-p 00000000 00:00 0 
7f7340021000-7f7344000000 ---p 00000000 00:00 0 
7f7344028000-7f734402c000 ---p 00000000 00:00 0 
7f734402c000-7f7344129000 rw-p 00000000 00:00 0 
7f7344129000-7f734412a000 ---p 00000000 00:00 0 
7f734412a000-7f734422b000 rw-p 00000000 00:00 0 
7f734422b000-7f734422f000 ---p 00000000 00:00 0 
7f734422f000-7f734432c000 rw-p 00000000 00:00 0 
7f734432c000-7f7344339000 r-xp 00000000 08:01 2499562                    /home/delaval/.vscode/extensions/redhat.java-1.4.0/jre/17.0.2-linux-x86_64/lib/libverify.so
7f7344339000-7f7344538000 ---p 0000d000 08:01 2499562                    /home/delaval/.vscode/extensions/redhat.java-1.4.0/jre/17.0.2-linux-x86_64/lib/libverify.so
7f7344538000-7f734453a000 r--p 0000c000 08:01 2499562                    /home/delaval/.vscode/extensions/redhat.java-1.4.0/jre/17.0.2-linux-x86_64/lib/libverify.so
7f734453a000-7f734453b000 rw-p 0000e000 08:01 2499562                    /home/delaval/.vscode/extensions/redhat.java-1.4.0/jre/17.0.2-linux-x86_64/lib/libverify.so
7f734453b000-7f7344550000 r-xp 00000000 08:01 2499555                    /home/delaval/.vscode/extensions/redhat.java-1.4.0/jre/17.0.2-linux-x86_64/lib/libnet.so
7f7344550000-7f734474f000 ---p 00015000 08:01 2499555                    /home/delaval/.vscode/extensions/redhat.java-1.4.0/jre/17.0.2-linux-x86_64/lib/libnet.so
7f734474f000-7f7344750000 r--p 00014000 08:01 2499555                    /home/delaval/.vscode/extensions/redhat.java-1.4.0/jre/17.0.2-linux-x86_64/lib/libnet.so
7f7344750000-7f7344751000 rw-p 00015000 08:01 2499555                    /home/delaval/.vscode/extensions/redhat.java-1.4.0/jre/17.0.2-linux-x86_64/lib/libnet.so
7f7344751000-7f7344763000 r-xp 00000000 08:01 2499556                    /home/delaval/.vscode/extensions/redhat.java-1.4.0/jre/17.0.2-linux-x86_64/lib/libnio.so
7f7344763000-7f7344962000 ---p 00012000 08:01 2499556                    /home/delaval/.vscode/extensions/redhat.java-1.4.0/jre/17.0.2-linux-x86_64/lib/libnio.so
7f7344962000-7f7344963000 r--p 00011000 08:01 2499556                    /home/delaval/.vscode/extensions/redhat.java-1.4.0/jre/17.0.2-linux-x86_64/lib/libnio.so
7f7344963000-7f7344964000 rw-p 00012000 08:01 2499556                    /home/delaval/.vscode/extensions/redhat.java-1.4.0/jre/17.0.2-linux-x86_64/lib/libnio.so
7f7344964000-7f7344968000 ---p 00000000 00:00 0 
7f7344968000-7f7344a65000 rw-p 00000000 00:00 0 
7f7344a65000-7f7344a69000 ---p 00000000 00:00 0 
7f7344a69000-7f7344b66000 rw-p 00000000 00:00 0 
7f7344b66000-7f7344b6a000 ---p 00000000 00:00 0 
7f7344b6a000-7f7344c67000 rw-p 00000000 00:00 0 
7f7344c67000-7f7344c6b000 ---p 00000000 00:00 0 
7f7344c6b000-7f7344d68000 rw-p 00000000 00:00 0 
7f7344d68000-7f7345555000 r--p 00000000 08:01 5113581                    /usr/lib/locale/locale-archive
7f7345555000-7f73895ae000 rw-p 00000000 00:00 0 
7f73895ae000-7f738c000000 ---p 00000000 00:00 0 
7f738c000000-7f738c021000 rw-p 00000000 00:00 0 
7f738c021000-7f7390000000 ---p 00000000 00:00 0 
7f73900e1000-7f73900e5000 ---p 00000000 00:00 0 
7f73900e5000-7f73901e2000 rw-p 00000000 00:00 0 
7f73901e2000-7f73901e6000 ---p 00000000 00:00 0 
7f73901e6000-7f73902e3000 rw-p 00000000 00:00 0 
7f73902e3000-7f73902e7000 ---p 00000000 00:00 0 
7f73902e7000-7f73903e4000 rw-p 00000000 00:00 0 
7f73903e4000-7f73903e8000 ---p 00000000 00:00 0 
7f73903e8000-7f73904e5000 rw-p 00000000 00:00 0 
7f73904e5000-7f73904e9000 ---p 00000000 00:00 0 
7f73904e9000-7f73905e6000 rw-p 00000000 00:00 0 
7f73905e6000-7f73905e7000 ---p 00000000 00:00 0 
7f73905e7000-7f73915f7000 rw-p 00000000 00:00 0 
7f73915f7000-7f73915fe000 r-xp 00000000 08:01 2499563                    /home/delaval/.vscode/extensions/redhat.java-1.4.0/jre/17.0.2-linux-x86_64/lib/libzip.so
7f73915fe000-7f73917fe000 ---p 00007000 08:01 2499563                    /home/delaval/.vscode/extensions/redhat.java-1.4.0/jre/17.0.2-linux-x86_64/lib/libzip.so
7f73917fe000-7f73917ff000 r--p 00007000 08:01 2499563                    /home/delaval/.vscode/extensions/redhat.java-1.4.0/jre/17.0.2-linux-x86_64/lib/libzip.so
7f73917ff000-7f7391800000 rw-p 00008000 08:01 2499563                    /home/delaval/.vscode/extensions/redhat.java-1.4.0/jre/17.0.2-linux-x86_64/lib/libzip.so
7f7391800000-7f7391c00000 rw-p 00000000 00:00 0 
7f7391c00000-7f7391c80000 rw-p 00000000 00:00 0 
7f7391c80000-7f7391d00000 rw-p 00000000 00:00 0 
7f7391d00000-7f7392000000 rw-p 00000000 00:00 0 
7f73920dc000-7f73920e0000 ---p 00000000 00:00 0 
7f73920e0000-7f7392458000 rw-p 00000000 00:00 0 
7f7392458000-7f7394ea9000 ---p 00000000 00:00 0 
7f7394ea9000-7f7394eb5000 rw-p 00000000 00:00 0 
7f7394eb5000-7f73963ff000 ---p 00000000 00:00 0 
7f73963ff000-7f73a1500000 rw-p 00000000 00:00 0 
7f7726feb000-7f7727280000 rw-p 00000000 00:00 0 
7f7727280000-7f78eb980000 ---p 00000000 00:00 0 
7f78eb980000-7f78ecf80000 rw-p 00000000 00:00 0 
7f78ecf80000-7f7b96400000 ---p 00000000 00:00 0 
7f7b96400000-7f7b96670000 rwxp 00000000 00:00 0 
7f7b96670000-7f7b96991000 ---p 00000000 00:00 0 
7f7b96991000-7f7b97d91000 rwxp 00000000 00:00 0 
7f7b97d91000-7f7b9dec8000 ---p 00000000 00:00 0 
7f7b9dec8000-7f7b9e438000 rwxp 00000000 00:00 0 
7f7b9e438000-7f7ba5400000 ---p 00000000 00:00 0 
7f7ba5400000-7f7ba8000000 r--s 00000000 08:01 2499564                    /home/delaval/.vscode/extensions/redhat.java-1.4.0/jre/17.0.2-linux-x86_64/lib/modules
7f7ba8000000-7f7ba85a6000 rw-p 00000000 00:00 0 
7f7ba85a6000-7f7bac000000 ---p 00000000 00:00 0 
7f7bac011000-7f7bac018000 r--s 00000000 08:01 5640382                    /usr/lib/x86_64-linux-gnu/gconv/gconv-modules.cache
7f7bac018000-7f7bac03e000 r--p 00000000 08:01 6955824                    /usr/share/locale-langpack/fr/LC_MESSAGES/libc.mo
7f7bac03e000-7f7bac0da000 rw-p 00000000 00:00 0 
7f7bac0da000-7f7bac0db000 ---p 00000000 00:00 0 
7f7bac0db000-7f7bac1e7000 rw-p 00000000 00:00 0 
7f7bac1e7000-7f7bac2c7000 ---p 00000000 00:00 0 
7f7bac2c7000-7f7bac2ef000 rw-p 00000000 00:00 0 
7f7bac2ef000-7f7bac3b2000 ---p 00000000 00:00 0 
7f7bac3b2000-7f7bac3b7000 rw-p 00000000 00:00 0 
7f7bac3b7000-7f7bac3be000 ---p 00000000 00:00 0 
7f7bac3be000-7f7bac3c6000 rw-s 00000000 08:01 4981627                    /tmp/hsperfdata_delaval/26158
7f7bac3c6000-7f7bac3ea000 r-xp 00000000 08:01 2499540                    /home/delaval/.vscode/extensions/redhat.java-1.4.0/jre/17.0.2-linux-x86_64/lib/libjava.so
7f7bac3ea000-7f7bac5ea000 ---p 00024000 08:01 2499540                    /home/delaval/.vscode/extensions/redhat.java-1.4.0/jre/17.0.2-linux-x86_64/lib/libjava.so
7f7bac5ea000-7f7bac5eb000 r--p 00024000 08:01 2499540                    /home/delaval/.vscode/extensions/redhat.java-1.4.0/jre/17.0.2-linux-x86_64/lib/libjava.so
7f7bac5eb000-7f7bac5ec000 rw-p 00025000 08:01 2499540                    /home/delaval/.vscode/extensions/redhat.java-1.4.0/jre/17.0.2-linux-x86_64/lib/libjava.so
7f7bac5ec000-7f7bac5ed000 rw-p 00000000 00:00 0 
7f7bac5ed000-7f7bac5f7000 r-xp 00000000 08:01 2499531                    /home/delaval/.vscode/extensions/redhat.java-1.4.0/jre/17.0.2-linux-x86_64/lib/libinstrument.so
7f7bac5f7000-7f7bac7f6000 ---p 0000a000 08:01 2499531                    /home/delaval/.vscode/extensions/redhat.java-1.4.0/jre/17.0.2-linux-x86_64/lib/libinstrument.so
7f7bac7f6000-7f7bac7f7000 r--p 00009000 08:01 2499531                    /home/delaval/.vscode/extensions/redhat.java-1.4.0/jre/17.0.2-linux-x86_64/lib/libinstrument.so
7f7bac7f7000-7f7bac7f8000 rw-p 0000a000 08:01 2499531                    /home/delaval/.vscode/extensions/redhat.java-1.4.0/jre/17.0.2-linux-x86_64/lib/libinstrument.so
7f7bac7f8000-7f7bac813000 r-xp 00000000 08:01 2499544                    /home/delaval/.vscode/extensions/redhat.java-1.4.0/jre/17.0.2-linux-x86_64/lib/libjimage.so
7f7bac813000-7f7baca12000 ---p 0001b000 08:01 2499544                    /home/delaval/.vscode/extensions/redhat.java-1.4.0/jre/17.0.2-linux-x86_64/lib/libjimage.so
7f7baca12000-7f7baca14000 r--p 0001a000 08:01 2499544                    /home/delaval/.vscode/extensions/redhat.java-1.4.0/jre/17.0.2-linux-x86_64/lib/libjimage.so
7f7baca14000-7f7baca15000 rw-p 0001c000 08:01 2499544                    /home/delaval/.vscode/extensions/redhat.java-1.4.0/jre/17.0.2-linux-x86_64/lib/libjimage.so
7f7baca15000-7f7baca19000 ---p 00000000 00:00 0 
7f7baca19000-7f7bacb16000 rw-p 00000000 00:00 0 
7f7bacb16000-7f7bacb23000 r--p 00000000 08:01 5114160                    /usr/lib/x86_64-linux-gnu/libm-2.31.so
7f7bacb23000-7f7bacbca000 r-xp 0000d000 08:01 5114160                    /usr/lib/x86_64-linux-gnu/libm-2.31.so
7f7bacbca000-7f7bacc63000 r--p 000b4000 08:01 5114160                    /usr/lib/x86_64-linux-gnu/libm-2.31.so
7f7bacc63000-7f7bacc64000 r--p 0014c000 08:01 5114160                    /usr/lib/x86_64-linux-gnu/libm-2.31.so
7f7bacc64000-7f7bacc65000 rw-p 0014d000 08:01 5114160                    /usr/lib/x86_64-linux-gnu/libm-2.31.so
7f7bacc65000-7f7bacc67000 r--p 00000000 08:01 5114177                    /usr/lib/x86_64-linux-gnu/librt-2.31.so
7f7bacc67000-7f7bacc6b000 r-xp 00002000 08:01 5114177                    /usr/lib/x86_64-linux-gnu/librt-2.31.so
7f7bacc6b000-7f7bacc6d000 r--p 00006000 08:01 5114177                    /usr/lib/x86_64-linux-gnu/librt-2.31.so
7f7bacc6d000-7f7bacc6e000 r--p 00007000 08:01 5114177                    /usr/lib/x86_64-linux-gnu/librt-2.31.so
7f7bacc6e000-7f7bacc6f000 rw-p 00008000 08:01 5114177                    /usr/lib/x86_64-linux-gnu/librt-2.31.so
7f7bacc6f000-7f7badf53000 r-xp 00000000 08:01 2499575                    /home/delaval/.vscode/extensions/redhat.java-1.4.0/jre/17.0.2-linux-x86_64/lib/server/libjvm.so
7f7badf53000-7f7bae153000 ---p 012e4000 08:01 2499575                    /home/delaval/.vscode/extensions/redhat.java-1.4.0/jre/17.0.2-linux-x86_64/lib/server/libjvm.so
7f7bae153000-7f7bae20c000 r--p 012e4000 08:01 2499575                    /home/delaval/.vscode/extensions/redhat.java-1.4.0/jre/17.0.2-linux-x86_64/lib/server/libjvm.so
7f7bae20c000-7f7bae241000 rw-p 0139d000 08:01 2499575                    /home/delaval/.vscode/extensions/redhat.java-1.4.0/jre/17.0.2-linux-x86_64/lib/server/libjvm.so
7f7bae241000-7f7bae29c000 rw-p 00000000 00:00 0 
7f7bae29c000-7f7bae2be000 r--p 00000000 08:01 5114156                    /usr/lib/x86_64-linux-gnu/libc-2.31.so
7f7bae2be000-7f7bae436000 r-xp 00022000 08:01 5114156                    /usr/lib/x86_64-linux-gnu/libc-2.31.so
7f7bae436000-7f7bae484000 r--p 0019a000 08:01 5114156                    /usr/lib/x86_64-linux-gnu/libc-2.31.so
7f7bae484000-7f7bae488000 r--p 001e7000 08:01 5114156                    /usr/lib/x86_64-linux-gnu/libc-2.31.so
7f7bae488000-7f7bae48a000 rw-p 001eb000 08:01 5114156                    /usr/lib/x86_64-linux-gnu/libc-2.31.so
7f7bae48a000-7f7bae48e000 rw-p 00000000 00:00 0 
7f7bae48e000-7f7bae48f000 r--p 00000000 08:01 5114158                    /usr/lib/x86_64-linux-gnu/libdl-2.31.so
7f7bae48f000-7f7bae491000 r-xp 00001000 08:01 5114158                    /usr/lib/x86_64-linux-gnu/libdl-2.31.so
7f7bae491000-7f7bae492000 r--p 00003000 08:01 5114158                    /usr/lib/x86_64-linux-gnu/libdl-2.31.so
7f7bae492000-7f7bae493000 r--p 00003000 08:01 5114158                    /usr/lib/x86_64-linux-gnu/libdl-2.31.so
7f7bae493000-7f7bae494000 rw-p 00004000 08:01 5114158                    /usr/lib/x86_64-linux-gnu/libdl-2.31.so
7f7bae494000-7f7bae49a000 r--p 00000000 08:01 5114175                    /usr/lib/x86_64-linux-gnu/libpthread-2.31.so
7f7bae49a000-7f7bae4ab000 r-xp 00006000 08:01 5114175                    /usr/lib/x86_64-linux-gnu/libpthread-2.31.so
7f7bae4ab000-7f7bae4b1000 r--p 00017000 08:01 5114175                    /usr/lib/x86_64-linux-gnu/libpthread-2.31.so
7f7bae4b1000-7f7bae4b2000 r--p 0001c000 08:01 5114175                    /usr/lib/x86_64-linux-gnu/libpthread-2.31.so
7f7bae4b2000-7f7bae4b3000 rw-p 0001d000 08:01 5114175                    /usr/lib/x86_64-linux-gnu/libpthread-2.31.so
7f7bae4b3000-7f7bae4b7000 rw-p 00000000 00:00 0 
7f7bae4b7000-7f7bae4c6000 r-xp 00000000 08:01 2499545                    /home/delaval/.vscode/extensions/redhat.java-1.4.0/jre/17.0.2-linux-x86_64/lib/libjli.so
7f7bae4c6000-7f7bae6c6000 ---p 0000f000 08:01 2499545                    /home/delaval/.vscode/extensions/redhat.java-1.4.0/jre/17.0.2-linux-x86_64/lib/libjli.so
7f7bae6c6000-7f7bae6c7000 r--p 0000f000 08:01 2499545                    /home/delaval/.vscode/extensions/redhat.java-1.4.0/jre/17.0.2-linux-x86_64/lib/libjli.so
7f7bae6c7000-7f7bae6c8000 rw-p 00010000 08:01 2499545                    /home/delaval/.vscode/extensions/redhat.java-1.4.0/jre/17.0.2-linux-x86_64/lib/libjli.so
7f7bae6c8000-7f7bae6ca000 r--p 00000000 08:01 5112450                    /usr/lib/x86_64-linux-gnu/libz.so.1.2.11
7f7bae6ca000-7f7bae6db000 r-xp 00002000 08:01 5112450                    /usr/lib/x86_64-linux-gnu/libz.so.1.2.11
7f7bae6db000-7f7bae6e1000 r--p 00013000 08:01 5112450                    /usr/lib/x86_64-linux-gnu/libz.so.1.2.11
7f7bae6e1000-7f7bae6e2000 ---p 00019000 08:01 5112450                    /usr/lib/x86_64-linux-gnu/libz.so.1.2.11
7f7bae6e2000-7f7bae6e3000 r--p 00019000 08:01 5112450                    /usr/lib/x86_64-linux-gnu/libz.so.1.2.11
7f7bae6e3000-7f7bae6e4000 rw-p 0001a000 08:01 5112450                    /usr/lib/x86_64-linux-gnu/libz.so.1.2.11
7f7bae6e4000-7f7bae6e7000 r--p 00000000 08:01 5114170                    /usr/lib/x86_64-linux-gnu/libnss_files-2.31.so
7f7bae6e7000-7f7bae6ee000 r-xp 00003000 08:01 5114170                    /usr/lib/x86_64-linux-gnu/libnss_files-2.31.so
7f7bae6ee000-7f7bae6f0000 r--p 0000a000 08:01 5114170                    /usr/lib/x86_64-linux-gnu/libnss_files-2.31.so
7f7bae6f0000-7f7bae6f1000 r--p 0000b000 08:01 5114170                    /usr/lib/x86_64-linux-gnu/libnss_files-2.31.so
7f7bae6f1000-7f7bae6f2000 rw-p 0000c000 08:01 5114170                    /usr/lib/x86_64-linux-gnu/libnss_files-2.31.so
7f7bae6f2000-7f7bae6f8000 rw-p 00000000 00:00 0 
7f7bae6f8000-7f7bae6f9000 ---p 00000000 00:00 0 
7f7bae6f9000-7f7bae6fa000 r--p 00000000 00:00 0 
7f7bae6fa000-7f7bae6fc000 rw-p 00000000 00:00 0 
7f7bae6fc000-7f7bae6fd000 r--p 00000000 08:01 5114148                    /usr/lib/x86_64-linux-gnu/ld-2.31.so
7f7bae6fd000-7f7bae720000 r-xp 00001000 08:01 5114148                    /usr/lib/x86_64-linux-gnu/ld-2.31.so
7f7bae720000-7f7bae728000 r--p 00024000 08:01 5114148                    /usr/lib/x86_64-linux-gnu/ld-2.31.so
7f7bae728000-7f7bae729000 ---p 00000000 00:00 0 
7f7bae729000-7f7bae72a000 r--p 0002c000 08:01 5114148                    /usr/lib/x86_64-linux-gnu/ld-2.31.so
7f7bae72a000-7f7bae72b000 rw-p 0002d000 08:01 5114148                    /usr/lib/x86_64-linux-gnu/ld-2.31.so
7f7bae72b000-7f7bae72c000 rw-p 00000000 00:00 0 
7ffcb141a000-7ffcb143c000 rw-p 00000000 00:00 0                          [stack]
7ffcb1444000-7ffcb1448000 r--p 00000000 00:00 0                          [vvar]
7ffcb1448000-7ffcb144a000 r-xp 00000000 00:00 0                          [vdso]
ffffffffff600000-ffffffffff601000 --xp 00000000 00:00 0                  [vsyscall]


VM Arguments:
jvm_args: --add-modules=ALL-SYSTEM --add-opens=java.base/java.util=ALL-UNNAMED --add-opens=java.base/java.lang=ALL-UNNAMED --add-opens=java.base/sun.nio.fs=ALL-UNNAMED -Declipse.application=org.eclipse.jdt.ls.core.id1 -Dosgi.bundles.defaultStartLevel=4 -Declipse.product=org.eclipse.jdt.ls.core.product -Djava.import.generatesMetadataFilesAtProjectRoot=false -Dfile.encoding=utf8 -XX:+UseParallelGC -XX:GCTimeRatio=4 -XX:AdaptiveSizePolicyWeight=90 -Dsun.zip.disableMemoryMapping=true -Xmx32G -Xms100m -javaagent:/home/delaval/.vscode/extensions/gabrielbb.vscode-lombok-1.0.1/server/lombok.jar -XX:+HeapDumpOnOutOfMemoryError -XX:HeapDumpPath=/home/delaval/.config/Code/User/workspaceStorage/a6094913de83ce3c65b1bf800718cd4f/redhat.java 
java_command: /home/delaval/.vscode/extensions/redhat.java-1.4.0/server/plugins/org.eclipse.equinox.launcher_1.6.400.v20210924-0641.jar -configuration /home/delaval/.config/Code/User/globalStorage/redhat.java/1.4.0/config_linux -data /home/delaval/.config/Code/User/workspaceStorage/a6094913de83ce3c65b1bf800718cd4f/redhat.java/jdt_ws
java_class_path (initial): /home/delaval/.vscode/extensions/redhat.java-1.4.0/server/plugins/org.eclipse.equinox.launcher_1.6.400.v20210924-0641.jar
Launcher Type: SUN_STANDARD

[Global flags]
    uintx AdaptiveSizePolicyWeight                 = 90                                        {product} {command line}
     intx CICompilerCount                          = 3                                         {product} {ergonomic}
    uintx GCTimeRatio                              = 4                                         {product} {command line}
     bool HeapDumpOnOutOfMemoryError               = true                                   {manageable} {command line}
    ccstr HeapDumpPath                             = /home/delaval/.config/Code/User/workspaceStorage/a6094913de83ce3c65b1bf800718cd4f/redhat.java         {manageable} {command line}
   size_t InitialHeapSize                          = 104857600                                 {product} {command line}
   size_t MaxHeapSize                              = 34359738368                               {product} {command line}
   size_t MaxNewSize                               = 11453071360                               {product} {ergonomic}
   size_t MinHeapDeltaBytes                        = 524288                                    {product} {ergonomic}
   size_t MinHeapSize                              = 104857600                                 {product} {command line}
   size_t NewSize                                  = 34603008                                  {product} {ergonomic}
    uintx NonNMethodCodeHeapSize                   = 5832780                                {pd product} {ergonomic}
    uintx NonProfiledCodeHeapSize                  = 122912730                              {pd product} {ergonomic}
   size_t OldSize                                  = 70254592                                  {product} {ergonomic}
    uintx ProfiledCodeHeapSize                     = 122912730                              {pd product} {ergonomic}
    uintx ReservedCodeCacheSize                    = 251658240                              {pd product} {ergonomic}
     bool SegmentedCodeCache                       = true                                      {product} {ergonomic}
   size_t SoftMaxHeapSize                          = 34359738368                            {manageable} {ergonomic}
     bool UseCompressedClassPointers               = true                           {product lp64_product} {ergonomic}
     bool UseParallelGC                            = true                                      {product} {command line}

Logging:
Log output configuration:
 #0: stdout all=warning uptime,level,tags
 #1: stderr all=off uptime,level,tags

Environment Variables:
PATH=/home/delaval/.local/bin:/home/delaval/.nvm/versions/node/v16.11.1/bin:/home/delaval/.local/bin:/usr/local/sbin:/usr/local/bin:/usr/sbin:/usr/bin:/sbin:/bin:/usr/games:/usr/local/games:/snap/bin
USERNAME=delaval
SHELL=/bin/bash
DISPLAY=:0
LANG=fr_FR.UTF-8

Signal Handlers:
   SIGSEGV: crash_handler in libjvm.so, mask=11100100010111111101111111111110, flags=SA_RESTART|SA_SIGINFO
    SIGBUS: crash_handler in libjvm.so, mask=11100100010111111101111111111110, flags=SA_RESTART|SA_SIGINFO
    SIGFPE: crash_handler in libjvm.so, mask=11100100010111111101111111111110, flags=SA_RESTART|SA_SIGINFO
   SIGPIPE: javaSignalHandler in libjvm.so, mask=11100100010111111101111111111110, flags=SA_RESTART|SA_SIGINFO
   SIGXFSZ: javaSignalHandler in libjvm.so, mask=11100100010111111101111111111110, flags=SA_RESTART|SA_SIGINFO
    SIGILL: crash_handler in libjvm.so, mask=11100100010111111101111111111110, flags=SA_RESTART|SA_SIGINFO
   SIGUSR2: SR_handler in libjvm.so, mask=00000000000000000000000000000000, flags=SA_RESTART|SA_SIGINFO
    SIGHUP: UserHandler in libjvm.so, mask=11100100010111111101111111111110, flags=SA_RESTART|SA_SIGINFO
    SIGINT: UserHandler in libjvm.so, mask=11100100010111111101111111111110, flags=SA_RESTART|SA_SIGINFO
   SIGTERM: UserHandler in libjvm.so, mask=11100100010111111101111111111110, flags=SA_RESTART|SA_SIGINFO
   SIGQUIT: UserHandler in libjvm.so, mask=11100100010111111101111111111110, flags=SA_RESTART|SA_SIGINFO
   SIGTRAP: crash_handler in libjvm.so, mask=11100100010111111101111111111110, flags=SA_RESTART|SA_SIGINFO


---------------  S Y S T E M  ---------------

OS:
DISTRIB_ID=Ubuntu
DISTRIB_RELEASE=20.04
DISTRIB_CODENAME=focal
DISTRIB_DESCRIPTION="Ubuntu 20.04.4 LTS"
uname: Linux 5.13.0-39-generic #44~20.04.1-Ubuntu SMP Thu Mar 24 16:43:35 UTC 2022 x86_64
OS uptime: 0 days 1:14 hours
libc: glibc 2.31 NPTL 2.31 
rlimit (soft/hard): STACK 8192k/infinity , CORE 0k/infinity , NPROC 47236/47236 , NOFILE 1048576/1048576 , AS infinity/infinity , CPU infinity/infinity , DATA infinity/infinity , FSIZE infinity/infinity , MEMLOCK 65536k/65536k
load average: 2,53 1,80 1,21

/proc/meminfo:
MemTotal:       12162988 kB
MemFree:         2224288 kB
MemAvailable:    8069892 kB
Buffers:          404244 kB
Cached:          5653848 kB
SwapCached:            0 kB
Active:          2706364 kB
Inactive:        5979412 kB
Active(anon):       2912 kB
Inactive(anon):  3110064 kB
Active(file):    2703452 kB
Inactive(file):  2869348 kB
Unevictable:      388224 kB
Mlocked:             128 kB
SwapTotal:       2097148 kB
SwapFree:        2097148 kB
Dirty:               144 kB
Writeback:             0 kB
AnonPages:       3016164 kB
Mapped:           876940 kB
Shmem:            498068 kB
KReclaimable:     597624 kB
Slab:             723144 kB
SReclaimable:     597624 kB
SUnreclaim:       125520 kB
KernelStack:       15376 kB
PageTables:        37836 kB
NFS_Unstable:          0 kB
Bounce:                0 kB
WritebackTmp:          0 kB
CommitLimit:     8178640 kB
Committed_AS:   11513060 kB
VmallocTotal:   34359738367 kB
VmallocUsed:       41184 kB
VmallocChunk:          0 kB
Percpu:             4320 kB
HardwareCorrupted:     0 kB
AnonHugePages:         0 kB
ShmemHugePages:        0 kB
ShmemPmdMapped:        0 kB
FileHugePages:         0 kB
FilePmdMapped:         0 kB
HugePages_Total:       0
HugePages_Free:        0
HugePages_Rsvd:        0
HugePages_Surp:        0
Hugepagesize:       2048 kB
Hugetlb:               0 kB
DirectMap4k:      375184 kB
DirectMap2M:    10014720 kB
DirectMap1G:     2097152 kB

/sys/kernel/mm/transparent_hugepage/enabled: always [madvise] never
/sys/kernel/mm/transparent_hugepage/defrag (defrag/compaction efforts parameter): always defer defer+madvise [madvise] never

Process Memory:
Virtual Size: 23700696K (peak: 38473880K)
Resident Set Size: 458036K (peak: 466096K) (anon: 420800K, file: 37236K, shmem: 0K)
Swapped out: 0K
C-Heap outstanding allocations: 42743K

/proc/sys/kernel/threads-max (system-wide limit on the number of threads): 94472
/proc/sys/vm/max_map_count (maximum number of memory map areas a process may have): 65530
/proc/sys/kernel/pid_max (system-wide limit on number of process identifiers): 4194304

container (cgroup) information:
container_type: cgroupv1
cpu_cpuset_cpus: 0-3
cpu_memory_nodes: 0
active_processor_count: 4
cpu_quota: no quota
cpu_period: 100000
cpu_shares: no shares
memory_limit_in_bytes: unlimited
memory_and_swap_limit_in_bytes: unlimited
memory_soft_limit_in_bytes: unlimited
memory_usage_in_bytes: 6988656640
memory_max_usage_in_bytes: 8509009920

Steal ticks since vm start: 0
Steal ticks percentage since vm start:  0,000

CPU: total 4 (initial active 4) (2 cores per cpu, 2 threads per core) family 6 model 78 stepping 3 microcode 0xea, cx8, cmov, fxsr, ht, mmx, 3dnowpref, sse, sse2, sse3, ssse3, sse4.1, sse4.2, popcnt, lzcnt, tsc, tscinvbit, avx, avx2, aes, erms, clmul, bmi1, bmi2, rtm, adx, fma, vzeroupper, clflush, clflushopt
CPU Model and flags from /proc/cpuinfo:
model name	: Intel(R) Core(TM) i3-6100U CPU @ 2.30GHz
flags		: fpu vme de pse tsc msr pae mce cx8 apic sep mtrr pge mca cmov pat pse36 clflush dts acpi mmx fxsr sse sse2 ss ht tm pbe syscall nx pdpe1gb rdtscp lm constant_tsc art arch_perfmon pebs bts rep_good nopl xtopology nonstop_tsc cpuid aperfmperf pni pclmulqdq dtes64 monitor ds_cpl vmx est tm2 ssse3 sdbg fma cx16 xtpr pdcm pcid sse4_1 sse4_2 x2apic movbe popcnt tsc_deadline_timer aes xsave avx f16c rdrand lahf_lm abm 3dnowprefetch cpuid_fault invpcid_single pti ssbd ibrs ibpb stibp tpr_shadow vnmi flexpriority ept vpid ept_ad fsgsbase tsc_adjust bmi1 hle avx2 smep bmi2 erms invpcid rtm mpx rdseed adx smap clflushopt intel_pt xsaveopt xsavec xgetbv1 xsaves dtherm ida arat pln pts hwp hwp_notify hwp_act_window hwp_epp md_clear flush_l1d

Online cpus: 0-3
Offline cpus: 
BIOS frequency limitation: <Not Available>
Frequency switch latency (ns): 0
Available cpu frequencies: <Not Available>
Current governor: powersave
Core performance/turbo boost: <Not Available>

Memory: 4k page, physical 12162988k(2224288k free), swap 2097148k(2097148k free)
Page Sizes: 4k

vm_info: OpenJDK 64-Bit Server VM (17.0.2+8) for linux-amd64 JRE (17.0.2+8), built on Jan 20 2022 09:56:58 by "" with gcc 7.5.0

END.
